# JRE version: Java(TM) SE Runtime Environment (15.0.1+9) (build 15.0.1+9-18)
# Java VM: Java HotSpot(TM) 64-Bit Server VM (15.0.1+9-18, mixed mode, sharing, tiered, compressed oops, g1 gc, windows-amd64)
GC Precious Log:
 CPUs: 4 total, 4 available
 Memory: 3976M
 Large Page Support: Disabled
 NUMA Support: Disabled
 Compressed Oops: Enabled (32-bit)
 Heap Region Size: 1M
 Heap Min Capacity: 8M
 Heap Initial Capacity: 64M
 Heap Max Capacity: 2G
 Pre-touch: Disabled
 Parallel Workers: 4
 Concurrent Workers: 1
 Concurrent Refinement Workers: 4
 Periodic GC: Disabled
Heap:
 garbage-first heap   total 621568K, used 202240K [0x0000000080000000, 0x0000000100000000)
  region size 1024K, 6 young (6144K), 6 survivors (6144K)
 Metaspace       used 109166K, capacity 110422K, committed 110640K, reserved 1146880K
  class space    used 13754K, capacity 14146K, committed 14208K, reserved 1048576K
GC Heap History (20 events):
Event: 73.797 GC heap after
{Heap after GC invocations=84 (full 0):
 garbage-first heap   total 332800K, used 149466K [0x0000000080000000, 0x0000000100000000)
  region size 1024K, 9 young (9216K), 9 survivors (9216K)
 Metaspace       used 108867K, capacity 110134K, committed 110384K, reserved 1144832K
  class space    used 13727K, capacity 14114K, committed 14208K, reserved 1048576K
}
Event: 74.877 GC heap before
{Heap before GC invocations=84 (full 0):
 garbage-first heap   total 332800K, used 284634K [0x0000000080000000, 0x0000000100000000)
  region size 1024K, 140 young (143360K), 9 survivors (9216K)
 Metaspace       used 108998K, capacity 110230K, committed 110384K, reserved 1144832K
  class space    used 13744K, capacity 14146K, committed 14208K, reserved 1048576K
}
Event: 74.902 GC heap after
{Heap after GC invocations=85 (full 0):
 garbage-first heap   total 332800K, used 160050K [0x0000000080000000, 0x0000000100000000)
  region size 1024K, 18 young (18432K), 18 survivors (18432K)
 Metaspace       used 108998K, capacity 110230K, committed 110384K, reserved 1144832K
  class space    used 13744K, capacity 14146K, committed 14208K, reserved 1048576K
}
Event: 76.429 GC heap before
{Heap before GC invocations=85 (full 0):
 garbage-first heap   total 332800K, used 276786K [0x0000000080000000, 0x0000000100000000)
  region size 1024K, 132 young (135168K), 18 survivors (18432K)
 Metaspace       used 109086K, capacity 110358K, committed 110640K, reserved 1146880K
  class space    used 13744K, capacity 14146K, committed 14208K, reserved 1048576K
}
Event: 76.487 GC heap after
{Heap after GC invocations=86 (full 0):
 garbage-first heap   total 332800K, used 168363K [0x0000000080000000, 0x0000000100000000)
  region size 1024K, 16 young (16384K), 16 survivors (16384K)
 Metaspace       used 109086K, capacity 110358K, committed 110640K, reserved 1146880K
  class space    used 13744K, capacity 14146K, committed 14208K, reserved 1048576K
}
Event: 77.066 GC heap before
{Heap before GC invocations=86 (full 0):
 garbage-first heap   total 332800K, used 270763K [0x0000000080000000, 0x0000000100000000)
  region size 1024K, 117 young (119808K), 16 survivors (16384K)
 Metaspace       used 109088K, capacity 110358K, committed 110640K, reserved 1146880K
  class space    used 13744K, capacity 14146K, committed 14208K, reserved 1048576K
}
Event: 77.138 GC heap after
{Heap after GC invocations=87 (full 0):
 garbage-first heap   total 332800K, used 184546K [0x0000000080000000, 0x0000000100000000)
  region size 1024K, 15 young (15360K), 15 survivors (15360K)
 Metaspace       used 109088K, capacity 110358K, committed 110640K, reserved 1146880K
  class space    used 13744K, capacity 14146K, committed 14208K, reserved 1048576K
}
Event: 78.126 GC heap before
{Heap before GC invocations=88 (full 0):
 garbage-first heap   total 394240K, used 264418K [0x0000000080000000, 0x0000000100000000)
  region size 1024K, 93 young (95232K), 15 survivors (15360K)
 Metaspace       used 109092K, capacity 110358K, committed 110640K, reserved 1146880K
  class space    used 13745K, capacity 14146K, committed 14208K, reserved 1048576K
}
Event: 78.210 GC heap after
{Heap after GC invocations=89 (full 0):
 garbage-first heap   total 394240K, used 196608K [0x0000000080000000, 0x0000000100000000)
  region size 1024K, 12 young (12288K), 12 survivors (12288K)
 Metaspace       used 109092K, capacity 110358K, committed 110640K, reserved 1146880K
  class space    used 13745K, capacity 14146K, committed 14208K, reserved 1048576K
}
Event: 78.345 GC heap before
{Heap before GC invocations=89 (full 0):
 garbage-first heap   total 394240K, used 203776K [0x0000000080000000, 0x0000000100000000)
  region size 1024K, 19 young (19456K), 12 survivors (12288K)
 Metaspace       used 109092K, capacity 110358K, committed 110640K, reserved 1146880K
  class space    used 13745K, capacity 14146K, committed 14208K, reserved 1048576K
}
Event: 78.506 GC heap after
{Heap after GC invocations=90 (full 0):
 garbage-first heap   total 394240K, used 177152K [0x0000000080000000, 0x0000000100000000)
  region size 1024K, 3 young (3072K), 3 survivors (3072K)
 Metaspace       used 109092K, capacity 110358K, committed 110640K, reserved 1146880K
  class space    used 13745K, capacity 14146K, committed 14208K, reserved 1048576K
}
Event: 80.183 GC heap before
{Heap before GC invocations=90 (full 0):
 garbage-first heap   total 394240K, used 312320K [0x0000000080000000, 0x0000000100000000)
  region size 1024K, 135 young (138240K), 3 survivors (3072K)
 Metaspace       used 109101K, capacity 110358K, committed 110640K, reserved 1146880K
  class space    used 13745K, capacity 14146K, committed 14208K, reserved 1048576K
}
Event: 80.207 GC heap after
{Heap after GC invocations=91 (full 0):
 garbage-first heap   total 394240K, used 179498K [0x0000000080000000, 0x0000000100000000)
  region size 1024K, 5 young (5120K), 5 survivors (5120K)
 Metaspace       used 109101K, capacity 110358K, committed 110640K, reserved 1146880K
  class space    used 13745K, capacity 14146K, committed 14208K, reserved 1048576K
}
Event: 81.827 GC heap before
{Heap before GC invocations=91 (full 0):
 garbage-first heap   total 394240K, used 318762K [0x0000000080000000, 0x0000000100000000)
  region size 1024K, 141 young (144384K), 5 survivors (5120K)
 Metaspace       used 109116K, capacity 110358K, committed 110640K, reserved 1146880K
  class space    used 13745K, capacity 14146K, committed 14208K, reserved 1048576K
}
Event: 81.840 GC heap after
{Heap after GC invocations=92 (full 0):
 garbage-first heap   total 394240K, used 180148K [0x0000000080000000, 0x0000000100000000)
  region size 1024K, 6 young (6144K), 6 survivors (6144K)
 Metaspace       used 109116K, capacity 110358K, committed 110640K, reserved 1146880K
  class space    used 13745K, capacity 14146K, committed 14208K, reserved 1048576K
}
Event: 82.912 GC heap before
{Heap before GC invocations=92 (full 0):
 garbage-first heap   total 394240K, used 322484K [0x0000000080000000, 0x0000000100000000)
  region size 1024K, 146 young (149504K), 6 survivors (6144K)
 Metaspace       used 109130K, capacity 110358K, committed 110640K, reserved 1146880K
  class space    used 13747K, capacity 14146K, committed 14208K, reserved 1048576K
}
Event: 82.935 GC heap after
{Heap after GC invocations=93 (full 0):
 garbage-first heap   total 394240K, used 188839K [0x0000000080000000, 0x0000000100000000)
  region size 1024K, 14 young (14336K), 14 survivors (14336K)
 Metaspace       used 109130K, capacity 110358K, committed 110640K, reserved 1146880K
  class space    used 13747K, capacity 14146K, committed 14208K, reserved 1048576K
}
Event: 84.006 GC heap before
{Heap before GC invocations=93 (full 0):
 garbage-first heap   total 394240K, used 325031K [0x0000000080000000, 0x0000000100000000)
  region size 1024K, 147 young (150528K), 14 survivors (14336K)
 Metaspace       used 109134K, capacity 110358K, committed 110640K, reserved 1146880K
  class space    used 13747K, capacity 14146K, committed 14208K, reserved 1048576K
}
Event: 84.051 GC heap after
{Heap after GC invocations=94 (full 0):
 garbage-first heap   total 394240K, used 197218K [0x0000000080000000, 0x0000000100000000)
  region size 1024K, 11 young (11264K), 11 survivors (11264K)
 Metaspace       used 109134K, capacity 110358K, committed 110640K, reserved 1146880K
  class space    used 13747K, capacity 14146K, committed 14208K, reserved 1048576K
}
Event: 85.650 GC heap before
{Heap before GC invocations=94 (full 0):
 garbage-first heap   total 394240K, used 326242K [0x0000000080000000, 0x0000000100000000)
  region size 1024K, 137 young (140288K), 11 survivors (11264K)
 Metaspace       used 109166K, capacity 110422K, committed 110640K, reserved 1146880K
  class space    used 13754K, capacity 14146K, committed 14208K, reserved 1048576K
}

