# JRE version: Java(TM) SE Runtime Environment (15.0.1+9) (build 15.0.1+9-18)
# Java VM: Java HotSpot(TM) 64-Bit Server VM (15.0.1+9-18, mixed mode, sharing, tiered, compressed oops, g1 gc, windows-amd64)
GC Precious Log:
 CPUs: 4 total, 4 available
 Memory: 3976M
 Large Page Support: Disabled
 NUMA Support: Disabled
 Compressed Oops: Enabled (32-bit)
 Heap Region Size: 1M
 Heap Min Capacity: 8M
 Heap Initial Capacity: 64M
 Heap Max Capacity: 2G
 Pre-touch: Disabled
 Parallel Workers: 4
 Concurrent Workers: 1
 Concurrent Refinement Workers: 4
 Periodic GC: Disabled
Heap:
 garbage-first heap   total 414720K, used 173884K [0x0000000080000000, 0x0000000100000000)
  region size 1024K, 15 young (15360K), 15 survivors (15360K)
 Metaspace       used 107544K, capacity 108853K, committed 108976K, reserved 1144832K
  class space    used 13620K, capacity 14021K, committed 14080K, reserved 1048576K
GC Heap History (20 events):
Event: 30.584 GC heap after
{Heap after GC invocations=50 (full 0):
 garbage-first heap   total 219136K, used 104554K [0x0000000080000000, 0x0000000100000000)
  region size 1024K, 6 young (6144K), 6 survivors (6144K)
 Metaspace       used 94021K, capacity 95246K, committed 95536K, reserved 1132544K
  class space    used 11785K, capacity 12121K, committed 12160K, reserved 1048576K
}
Event: 31.585 GC heap before
{Heap before GC invocations=51 (full 0):
 garbage-first heap   total 219136K, used 181354K [0x0000000080000000, 0x0000000100000000)
  region size 1024K, 80 young (81920K), 6 survivors (6144K)
 Metaspace       used 97450K, capacity 98687K, committed 98864K, reserved 1136640K
  class space    used 12238K, capacity 12596K, committed 12672K, reserved 1048576K
}
Event: 31.601 GC heap after
{Heap after GC invocations=52 (full 0):
 garbage-first heap   total 219136K, used 119203K [0x0000000080000000, 0x0000000100000000)
  region size 1024K, 10 young (10240K), 10 survivors (10240K)
 Metaspace       used 97450K, capacity 98687K, committed 98864K, reserved 1136640K
  class space    used 12238K, capacity 12596K, committed 12672K, reserved 1048576K
}
Event: 31.606 GC heap before
{Heap before GC invocations=52 (full 0):
 garbage-first heap   total 219136K, used 120227K [0x0000000080000000, 0x0000000100000000)
  region size 1024K, 11 young (11264K), 10 survivors (10240K)
 Metaspace       used 97451K, capacity 98687K, committed 98864K, reserved 1136640K
  class space    used 12238K, capacity 12596K, committed 12672K, reserved 1048576K
}
Event: 31.635 GC heap after
{Heap after GC invocations=53 (full 0):
 garbage-first heap   total 219136K, used 108512K [0x0000000080000000, 0x0000000100000000)
  region size 1024K, 1 young (1024K), 1 survivors (1024K)
 Metaspace       used 97451K, capacity 98687K, committed 98864K, reserved 1136640K
  class space    used 12238K, capacity 12596K, committed 12672K, reserved 1048576K
}
Event: 32.019 GC heap before
{Heap before GC invocations=53 (full 0):
 garbage-first heap   total 219136K, used 174048K [0x0000000080000000, 0x0000000100000000)
  region size 1024K, 65 young (66560K), 1 survivors (1024K)
 Metaspace       used 99486K, capacity 100719K, committed 100912K, reserved 1136640K
  class space    used 12519K, capacity 12889K, committed 12928K, reserved 1048576K
}
Event: 32.046 GC heap after
{Heap after GC invocations=54 (full 0):
 garbage-first heap   total 219136K, used 122880K [0x0000000080000000, 0x0000000100000000)
  region size 1024K, 9 young (9216K), 9 survivors (9216K)
 Metaspace       used 99486K, capacity 100719K, committed 100912K, reserved 1136640K
  class space    used 12519K, capacity 12889K, committed 12928K, reserved 1048576K
}
Event: 32.567 GC heap before
{Heap before GC invocations=55 (full 0):
 garbage-first heap   total 237568K, used 175104K [0x0000000080000000, 0x0000000100000000)
  region size 1024K, 60 young (61440K), 9 survivors (9216K)
 Metaspace       used 100759K, capacity 101996K, committed 102192K, reserved 1138688K
  class space    used 12724K, capacity 13080K, committed 13184K, reserved 1048576K
}
Event: 32.592 GC heap after
{Heap after GC invocations=56 (full 0):
 garbage-first heap   total 237568K, used 132096K [0x0000000080000000, 0x0000000100000000)
  region size 1024K, 8 young (8192K), 8 survivors (8192K)
 Metaspace       used 100759K, capacity 101996K, committed 102192K, reserved 1138688K
  class space    used 12724K, capacity 13080K, committed 13184K, reserved 1048576K
}
Event: 32.886 GC heap before
{Heap before GC invocations=56 (full 0):
 garbage-first heap   total 237568K, used 188416K [0x0000000080000000, 0x0000000100000000)
  region size 1024K, 63 young (64512K), 8 survivors (8192K)
 Metaspace       used 103055K, capacity 104283K, committed 104368K, reserved 1140736K
  class space    used 13140K, capacity 13501K, committed 13568K, reserved 1048576K
}
Event: 32.916 GC heap after
{Heap after GC invocations=57 (full 0):
 garbage-first heap   total 237568K, used 141775K [0x0000000080000000, 0x0000000100000000)
  region size 1024K, 8 young (8192K), 8 survivors (8192K)
 Metaspace       used 103055K, capacity 104283K, committed 104368K, reserved 1140736K
  class space    used 13140K, capacity 13501K, committed 13568K, reserved 1048576K
}
Event: 33.880 GC heap before
{Heap before GC invocations=58 (full 0):
 garbage-first heap   total 268288K, used 191951K [0x0000000080000000, 0x0000000100000000)
  region size 1024K, 57 young (58368K), 8 survivors (8192K)
 Metaspace       used 104764K, capacity 106040K, committed 106288K, reserved 1142784K
  class space    used 13309K, capacity 13660K, committed 13696K, reserved 1048576K
}
Event: 33.902 GC heap after
{Heap after GC invocations=59 (full 0):
 garbage-first heap   total 324608K, used 148693K [0x0000000080000000, 0x0000000100000000)
  region size 1024K, 6 young (6144K), 6 survivors (6144K)
 Metaspace       used 104764K, capacity 106040K, committed 106288K, reserved 1142784K
  class space    used 13309K, capacity 13660K, committed 13696K, reserved 1048576K
}
Event: 34.812 GC heap before
{Heap before GC invocations=59 (full 0):
 garbage-first heap   total 324608K, used 252117K [0x0000000080000000, 0x0000000100000000)
  region size 1024K, 108 young (110592K), 6 survivors (6144K)
 Metaspace       used 105601K, capacity 106845K, committed 106928K, reserved 1142784K
  class space    used 13387K, capacity 13757K, committed 13824K, reserved 1048576K
}
Event: 34.830 GC heap after
{Heap after GC invocations=60 (full 0):
 garbage-first heap   total 324608K, used 153610K [0x0000000080000000, 0x0000000100000000)
  region size 1024K, 11 young (11264K), 11 survivors (11264K)
 Metaspace       used 105601K, capacity 106845K, committed 106928K, reserved 1142784K
  class space    used 13387K, capacity 13757K, committed 13824K, reserved 1048576K
}
Event: 35.788 GC heap before
{Heap before GC invocations=60 (full 0):
 garbage-first heap   total 324608K, used 258058K [0x0000000080000000, 0x0000000100000000)
  region size 1024K, 113 young (115712K), 11 survivors (11264K)
 Metaspace       used 107403K, capacity 108728K, committed 108976K, reserved 1144832K
  class space    used 13618K, capacity 14022K, committed 14080K, reserved 1048576K
}
Event: 35.806 GC heap after
{Heap after GC invocations=61 (full 0):
 garbage-first heap   total 324608K, used 156567K [0x0000000080000000, 0x0000000100000000)
  region size 1024K, 8 young (8192K), 8 survivors (8192K)
 Metaspace       used 107403K, capacity 108728K, committed 108976K, reserved 1144832K
  class space    used 13618K, capacity 14022K, committed 14080K, reserved 1048576K
}
Event: 35.885 GC heap before
{Heap before GC invocations=61 (full 0):
 garbage-first heap   total 324608K, used 174999K [0x0000000080000000, 0x0000000100000000)
  region size 1024K, 27 young (27648K), 8 survivors (8192K)
 Metaspace       used 107468K, capacity 108792K, committed 108976K, reserved 1144832K
  class space    used 13618K, capacity 14022K, committed 14080K, reserved 1048576K
}
Event: 35.902 GC heap after
{Heap after GC invocations=62 (full 0):
 garbage-first heap   total 324608K, used 158615K [0x0000000080000000, 0x0000000100000000)
  region size 1024K, 10 young (10240K), 10 survivors (10240K)
 Metaspace       used 107468K, capacity 108792K, committed 108976K, reserved 1144832K
  class space    used 13618K, capacity 14022K, committed 14080K, reserved 1048576K
}
Event: 36.628 GC heap before
{Heap before GC invocations=63 (full 0):
 garbage-first heap   total 345088K, used 268183K [0x0000000080000000, 0x0000000100000000)
  region size 1024K, 116 young (118784K), 10 survivors (10240K)
 Metaspace       used 107544K, capacity 108853K, committed 108976K, reserved 1144832K
  class space    used 13620K, capacity 14021K, committed 14080K, reserved 1048576K
}

