# JRE version: Java(TM) SE Runtime Environment (15.0.1+9) (build 15.0.1+9-18)
# Java VM: Java HotSpot(TM) 64-Bit Server VM (15.0.1+9-18, mixed mode, sharing, tiered, compressed oops, g1 gc, windows-amd64)
GC Precious Log:
 CPUs: 4 total, 4 available
 Memory: 8072M
 Large Page Support: Disabled
 NUMA Support: Disabled
 Compressed Oops: Enabled (32-bit)
 Heap Region Size: 1M
 Heap Min Capacity: 8M
 Heap Initial Capacity: 128M
 Heap Max Capacity: 2G
 Pre-touch: Disabled
 Parallel Workers: 4
 Concurrent Workers: 1
 Concurrent Refinement Workers: 4
 Periodic GC: Disabled
Heap:
 garbage-first heap   total 299008K, used 176338K [0x0000000080000000, 0x0000000100000000)
  region size 1024K, 26 young (26624K), 7 survivors (7168K)
 Metaspace       used 86790K, capacity 88060K, committed 88220K, reserved 1126400K
  class space    used 11352K, capacity 11743K, committed 11756K, reserved 1048576K
GC Heap History (20 events):
Event: 13.034 GC heap before
{Heap before GC invocations=32 (full 0):
 garbage-first heap   total 132096K, used 107989K [0x0000000080000000, 0x0000000100000000)
  region size 1024K, 42 young (43008K), 3 survivors (3072K)
 Metaspace       used 75164K, capacity 76250K, committed 76572K, reserved 1116160K
  class space    used 9899K, capacity 10233K, committed 10348K, reserved 1048576K
}
Event: 13.045 GC heap after
{Heap after GC invocations=33 (full 0):
 garbage-first heap   total 132096K, used 73994K [0x0000000080000000, 0x0000000100000000)
  region size 1024K, 6 young (6144K), 6 survivors (6144K)
 Metaspace       used 75164K, capacity 76250K, committed 76572K, reserved 1116160K
  class space    used 9899K, capacity 10233K, committed 10348K, reserved 1048576K
}
Event: 13.769 GC heap before
{Heap before GC invocations=33 (full 0):
 garbage-first heap   total 132096K, used 106762K [0x0000000080000000, 0x0000000100000000)
  region size 1024K, 39 young (39936K), 6 survivors (6144K)
 Metaspace       used 77342K, capacity 78513K, committed 78620K, reserved 1118208K
  class space    used 10225K, capacity 10580K, committed 10604K, reserved 1048576K
}
Event: 13.783 GC heap after
{Heap after GC invocations=34 (full 0):
 garbage-first heap   total 158720K, used 78413K [0x0000000080000000, 0x0000000100000000)
  region size 1024K, 5 young (5120K), 5 survivors (5120K)
 Metaspace       used 77342K, capacity 78513K, committed 78620K, reserved 1118208K
  class space    used 10225K, capacity 10580K, committed 10604K, reserved 1048576K
}
Event: 14.555 GC heap before
{Heap before GC invocations=35 (full 0):
 garbage-first heap   total 158720K, used 126541K [0x0000000080000000, 0x0000000100000000)
  region size 1024K, 53 young (54272K), 5 survivors (5120K)
 Metaspace       used 77716K, capacity 78836K, committed 78876K, reserved 1118208K
  class space    used 10229K, capacity 10581K, committed 10604K, reserved 1048576K
}
Event: 14.563 GC heap after
{Heap after GC invocations=36 (full 0):
 garbage-first heap   total 158720K, used 80593K [0x0000000080000000, 0x0000000100000000)
  region size 1024K, 7 young (7168K), 7 survivors (7168K)
 Metaspace       used 77716K, capacity 78836K, committed 78876K, reserved 1118208K
  class space    used 10229K, capacity 10581K, committed 10604K, reserved 1048576K
}
Event: 15.177 GC heap before
{Heap before GC invocations=36 (full 0):
 garbage-first heap   total 158720K, used 127697K [0x0000000080000000, 0x0000000100000000)
  region size 1024K, 54 young (55296K), 7 survivors (7168K)
 Metaspace       used 78326K, capacity 79445K, committed 79772K, reserved 1118208K
  class space    used 10274K, capacity 10613K, committed 10732K, reserved 1048576K
}
Event: 15.188 GC heap after
{Heap after GC invocations=37 (full 0):
 garbage-first heap   total 158720K, used 84458K [0x0000000080000000, 0x0000000100000000)
  region size 1024K, 7 young (7168K), 7 survivors (7168K)
 Metaspace       used 78326K, capacity 79445K, committed 79772K, reserved 1118208K
  class space    used 10274K, capacity 10613K, committed 10732K, reserved 1048576K
}
Event: 16.012 GC heap before
{Heap before GC invocations=38 (full 0):
 garbage-first heap   total 158720K, used 129514K [0x0000000080000000, 0x0000000100000000)
  region size 1024K, 52 young (53248K), 7 survivors (7168K)
 Metaspace       used 78620K, capacity 79831K, committed 80028K, reserved 1118208K
  class space    used 10292K, capacity 10624K, committed 10732K, reserved 1048576K
}
Event: 16.026 GC heap after
{Heap after GC invocations=39 (full 0):
 garbage-first heap   total 158720K, used 87736K [0x0000000080000000, 0x0000000100000000)
  region size 1024K, 7 young (7168K), 7 survivors (7168K)
 Metaspace       used 78620K, capacity 79831K, committed 80028K, reserved 1118208K
  class space    used 10292K, capacity 10624K, committed 10732K, reserved 1048576K
}
Event: 16.736 GC heap before
{Heap before GC invocations=39 (full 0):
 garbage-first heap   total 158720K, used 130744K [0x0000000080000000, 0x0000000100000000)
  region size 1024K, 50 young (51200K), 7 survivors (7168K)
 Metaspace       used 79523K, capacity 80651K, committed 80924K, reserved 1120256K
  class space    used 10412K, capacity 10798K, committed 10860K, reserved 1048576K
}
Event: 16.748 GC heap after
{Heap after GC invocations=40 (full 0):
 garbage-first heap   total 190464K, used 91033K [0x0000000080000000, 0x0000000100000000)
  region size 1024K, 7 young (7168K), 7 survivors (7168K)
 Metaspace       used 79523K, capacity 80651K, committed 80924K, reserved 1120256K
  class space    used 10412K, capacity 10798K, committed 10860K, reserved 1048576K
}
Event: 17.698 GC heap before
{Heap before GC invocations=41 (full 0):
 garbage-first heap   total 190464K, used 155545K [0x0000000080000000, 0x0000000100000000)
  region size 1024K, 71 young (72704K), 7 survivors (7168K)
 Metaspace       used 82965K, capacity 84209K, committed 84380K, reserved 1122304K
  class space    used 10858K, capacity 11215K, committed 11244K, reserved 1048576K
}
Event: 17.712 GC heap after
{Heap after GC invocations=42 (full 0):
 garbage-first heap   total 190464K, used 95328K [0x0000000080000000, 0x0000000100000000)
  region size 1024K, 8 young (8192K), 8 survivors (8192K)
 Metaspace       used 82965K, capacity 84209K, committed 84380K, reserved 1122304K
  class space    used 10858K, capacity 11215K, committed 11244K, reserved 1048576K
}
Event: 18.343 GC heap before
{Heap before GC invocations=42 (full 0):
 garbage-first heap   total 190464K, used 128096K [0x0000000080000000, 0x0000000100000000)
  region size 1024K, 42 young (43008K), 8 survivors (8192K)
 Metaspace       used 83913K, capacity 85174K, committed 85276K, reserved 1124352K
  class space    used 10965K, capacity 11357K, committed 11372K, reserved 1048576K
}
Event: 18.358 GC heap after
{Heap after GC invocations=43 (full 0):
 garbage-first heap   total 190464K, used 98085K [0x0000000080000000, 0x0000000100000000)
  region size 1024K, 7 young (7168K), 7 survivors (7168K)
 Metaspace       used 83913K, capacity 85174K, committed 85276K, reserved 1124352K
  class space    used 10965K, capacity 11357K, committed 11372K, reserved 1048576K
}
Event: 18.985 GC heap before
{Heap before GC invocations=44 (full 0):
 garbage-first heap   total 214016K, used 207653K [0x0000000080000000, 0x0000000100000000)
  region size 1024K, 61 young (62464K), 7 survivors (7168K)
 Metaspace       used 86787K, capacity 88060K, committed 88220K, reserved 1126400K
  class space    used 11352K, capacity 11743K, committed 11756K, reserved 1048576K
}
Event: 19.014 GC heap after
{Heap after GC invocations=45 (full 0):
 garbage-first heap   total 236544K, used 148844K [0x0000000080000000, 0x0000000100000000)
  region size 1024K, 8 young (8192K), 8 survivors (8192K)
 Metaspace       used 86787K, capacity 88060K, committed 88220K, reserved 1126400K
  class space    used 11352K, capacity 11743K, committed 11756K, reserved 1048576K
}
Event: 19.140 GC heap before
{Heap before GC invocations=45 (full 0):
 garbage-first heap   total 236544K, used 165228K [0x0000000080000000, 0x0000000100000000)
  region size 1024K, 25 young (25600K), 8 survivors (8192K)
 Metaspace       used 86790K, capacity 88060K, committed 88220K, reserved 1126400K
  class space    used 11352K, capacity 11743K, committed 11756K, reserved 1048576K
}
Event: 19.160 GC heap after
{Heap after GC invocations=46 (full 0):
 garbage-first heap   total 284672K, used 156882K [0x0000000080000000, 0x0000000100000000)
  region size 1024K, 7 young (7168K), 7 survivors (7168K)
 Metaspace       used 86790K, capacity 88060K, committed 88220K, reserved 1126400K
  class space    used 11352K, capacity 11743K, committed 11756K, reserved 1048576K
}

