# JRE version: Java(TM) SE Runtime Environment (15.0.1+9) (build 15.0.1+9-18)
# Java VM: Java HotSpot(TM) 64-Bit Server VM (15.0.1+9-18, mixed mode, sharing, tiered, compressed oops, g1 gc, windows-amd64)
GC Precious Log:
 CPUs: 4 total, 4 available
 Memory: 3976M
 Large Page Support: Disabled
 NUMA Support: Disabled
 Compressed Oops: Enabled (32-bit)
 Heap Region Size: 1M
 Heap Min Capacity: 8M
 Heap Initial Capacity: 64M
 Heap Max Capacity: 2G
 Pre-touch: Disabled
 Parallel Workers: 4
 Concurrent Workers: 1
 Concurrent Refinement Workers: 4
 Periodic GC: Disabled
Heap:
 garbage-first heap   total 587776K, used 186914K [0x0000000080000000, 0x0000000100000000)
  region size 1024K, 3 young (3072K), 3 survivors (3072K)
 Metaspace       used 108170K, capacity 109359K, committed 109488K, reserved 1144832K
  class space    used 13660K, capacity 14060K, committed 14080K, reserved 1048576K
GC Heap History (20 events):
Event: 46.730 GC heap after
{Heap after GC invocations=64 (full 0):
 garbage-first heap   total 304128K, used 127424K [0x0000000080000000, 0x0000000100000000)
  region size 1024K, 7 young (7168K), 7 survivors (7168K)
 Metaspace       used 107300K, capacity 108579K, committed 108720K, reserved 1144832K
  class space    used 13599K, capacity 13993K, committed 14080K, reserved 1048576K
}
Event: 47.251 GC heap before
{Heap before GC invocations=64 (full 0):
 garbage-first heap   total 304128K, used 243136K [0x0000000080000000, 0x0000000100000000)
  region size 1024K, 120 young (122880K), 7 survivors (7168K)
 Metaspace       used 107585K, capacity 108809K, committed 108976K, reserved 1144832K
  class space    used 13624K, capacity 14027K, committed 14080K, reserved 1048576K
}
Event: 47.264 GC heap after
{Heap after GC invocations=65 (full 0):
 garbage-first heap   total 304128K, used 128203K [0x0000000080000000, 0x0000000100000000)
  region size 1024K, 8 young (8192K), 8 survivors (8192K)
 Metaspace       used 107585K, capacity 108809K, committed 108976K, reserved 1144832K
  class space    used 13624K, capacity 14027K, committed 14080K, reserved 1048576K
}
Event: 47.786 GC heap before
{Heap before GC invocations=65 (full 0):
 garbage-first heap   total 304128K, used 251083K [0x0000000080000000, 0x0000000100000000)
  region size 1024K, 128 young (131072K), 8 survivors (8192K)
 Metaspace       used 107713K, capacity 108937K, committed 109232K, reserved 1144832K
  class space    used 13640K, capacity 14027K, committed 14080K, reserved 1048576K
}
Event: 47.806 GC heap after
{Heap after GC invocations=66 (full 0):
 garbage-first heap   total 304128K, used 130677K [0x0000000080000000, 0x0000000100000000)
  region size 1024K, 10 young (10240K), 10 survivors (10240K)
 Metaspace       used 107713K, capacity 108937K, committed 109232K, reserved 1144832K
  class space    used 13640K, capacity 14027K, committed 14080K, reserved 1048576K
}
Event: 48.309 GC heap before
{Heap before GC invocations=66 (full 0):
 garbage-first heap   total 304128K, used 254581K [0x0000000080000000, 0x0000000100000000)
  region size 1024K, 131 young (134144K), 10 survivors (10240K)
 Metaspace       used 107773K, capacity 109001K, committed 109232K, reserved 1144832K
  class space    used 13646K, capacity 14027K, committed 14080K, reserved 1048576K
}
Event: 48.326 GC heap after
{Heap after GC invocations=67 (full 0):
 garbage-first heap   total 304128K, used 132742K [0x0000000080000000, 0x0000000100000000)
  region size 1024K, 8 young (8192K), 8 survivors (8192K)
 Metaspace       used 107773K, capacity 109001K, committed 109232K, reserved 1144832K
  class space    used 13646K, capacity 14027K, committed 14080K, reserved 1048576K
}
Event: 48.729 GC heap before
{Heap before GC invocations=67 (full 0):
 garbage-first heap   total 304128K, used 258694K [0x0000000080000000, 0x0000000100000000)
  region size 1024K, 131 young (134144K), 8 survivors (8192K)
 Metaspace       used 107800K, capacity 109001K, committed 109232K, reserved 1144832K
  class space    used 13649K, capacity 14027K, committed 14080K, reserved 1048576K
}
Event: 48.746 GC heap after
{Heap after GC invocations=68 (full 0):
 garbage-first heap   total 304128K, used 133937K [0x0000000080000000, 0x0000000100000000)
  region size 1024K, 9 young (9216K), 9 survivors (9216K)
 Metaspace       used 107800K, capacity 109001K, committed 109232K, reserved 1144832K
  class space    used 13649K, capacity 14027K, committed 14080K, reserved 1048576K
}
Event: 49.488 GC heap before
{Heap before GC invocations=68 (full 0):
 garbage-first heap   total 304128K, used 261937K [0x0000000080000000, 0x0000000100000000)
  region size 1024K, 133 young (136192K), 9 survivors (9216K)
 Metaspace       used 108002K, capacity 109193K, committed 109488K, reserved 1144832K
  class space    used 13649K, capacity 14027K, committed 14080K, reserved 1048576K
}
Event: 49.504 GC heap after
{Heap after GC invocations=69 (full 0):
 garbage-first heap   total 304128K, used 135364K [0x0000000080000000, 0x0000000100000000)
  region size 1024K, 10 young (10240K), 10 survivors (10240K)
 Metaspace       used 108002K, capacity 109193K, committed 109488K, reserved 1144832K
  class space    used 13649K, capacity 14027K, committed 14080K, reserved 1048576K
}
Event: 50.027 GC heap before
{Heap before GC invocations=69 (full 0):
 garbage-first heap   total 304128K, used 263364K [0x0000000080000000, 0x0000000100000000)
  region size 1024K, 134 young (137216K), 10 survivors (10240K)
 Metaspace       used 108048K, capacity 109289K, committed 109488K, reserved 1144832K
  class space    used 13653K, capacity 14059K, committed 14080K, reserved 1048576K
}
Event: 50.053 GC heap after
{Heap after GC invocations=70 (full 0):
 garbage-first heap   total 365568K, used 148005K [0x0000000080000000, 0x0000000100000000)
  region size 1024K, 17 young (17408K), 17 survivors (17408K)
 Metaspace       used 108048K, capacity 109289K, committed 109488K, reserved 1144832K
  class space    used 13653K, capacity 14059K, committed 14080K, reserved 1048576K
}
Event: 50.695 GC heap before
{Heap before GC invocations=70 (full 0):
 garbage-first heap   total 365568K, used 306725K [0x0000000080000000, 0x0000000100000000)
  region size 1024K, 172 young (176128K), 17 survivors (17408K)
 Metaspace       used 108070K, capacity 109289K, committed 109488K, reserved 1144832K
  class space    used 13653K, capacity 14059K, committed 14080K, reserved 1048576K
}
Event: 50.753 GC heap after
{Heap after GC invocations=71 (full 0):
 garbage-first heap   total 365568K, used 164564K [0x0000000080000000, 0x0000000100000000)
  region size 1024K, 22 young (22528K), 22 survivors (22528K)
 Metaspace       used 108070K, capacity 109289K, committed 109488K, reserved 1144832K
  class space    used 13653K, capacity 14059K, committed 14080K, reserved 1048576K
}
Event: 52.005 GC heap before
{Heap before GC invocations=71 (full 0):
 garbage-first heap   total 365568K, used 297684K [0x0000000080000000, 0x0000000100000000)
  region size 1024K, 152 young (155648K), 22 survivors (22528K)
 Metaspace       used 108089K, capacity 109289K, committed 109488K, reserved 1144832K
  class space    used 13654K, capacity 14059K, committed 14080K, reserved 1048576K
}
Event: 52.066 GC heap after
{Heap after GC invocations=72 (full 0):
 garbage-first heap   total 365568K, used 184096K [0x0000000080000000, 0x0000000100000000)
  region size 1024K, 19 young (19456K), 19 survivors (19456K)
 Metaspace       used 108089K, capacity 109289K, committed 109488K, reserved 1144832K
  class space    used 13654K, capacity 14059K, committed 14080K, reserved 1048576K
}
Event: 52.679 GC heap before
{Heap before GC invocations=72 (full 0):
 garbage-first heap   total 365568K, used 296736K [0x0000000080000000, 0x0000000100000000)
  region size 1024K, 130 young (133120K), 19 survivors (19456K)
 Metaspace       used 108130K, capacity 109359K, committed 109488K, reserved 1144832K
  class space    used 13658K, capacity 14060K, committed 14080K, reserved 1048576K
}
Event: 52.726 GC heap after
{Heap after GC invocations=73 (full 0):
 garbage-first heap   total 365568K, used 186811K [0x0000000080000000, 0x0000000100000000)
  region size 1024K, 3 young (3072K), 3 survivors (3072K)
 Metaspace       used 108130K, capacity 109359K, committed 109488K, reserved 1144832K
  class space    used 13658K, capacity 14060K, committed 14080K, reserved 1048576K
}
Event: 53.276 GC heap before
{Heap before GC invocations=73 (full 0):
 garbage-first heap   total 365568K, used 302523K [0x0000000080000000, 0x0000000100000000)
  region size 1024K, 116 young (118784K), 3 survivors (3072K)
 Metaspace       used 108170K, capacity 109359K, committed 109488K, reserved 1144832K
  class space    used 13660K, capacity 14060K, committed 14080K, reserved 1048576K
}

