# JRE version: Java(TM) SE Runtime Environment (15.0.1+9) (build 15.0.1+9-18)
# Java VM: Java HotSpot(TM) 64-Bit Server VM (15.0.1+9-18, mixed mode, sharing, tiered, compressed oops, g1 gc, windows-amd64)
GC Precious Log:
 CPUs: 4 total, 4 available
 Memory: 3976M
 Large Page Support: Disabled
 NUMA Support: Disabled
 Compressed Oops: Enabled (32-bit)
 Heap Region Size: 1M
 Heap Min Capacity: 8M
 Heap Initial Capacity: 64M
 Heap Max Capacity: 2G
 Pre-touch: Disabled
 Parallel Workers: 4
 Concurrent Workers: 1
 Concurrent Refinement Workers: 4
 Periodic GC: Disabled
Heap:
 garbage-first heap   total 147456K, used 68568K [0x0000000080000000, 0x0000000100000000)
  region size 1024K, 4 young (4096K), 4 survivors (4096K)
 Metaspace       used 70284K, capacity 71240K, committed 71324K, reserved 1112064K
  class space    used 8962K, capacity 9275K, committed 9292K, reserved 1048576K
GC Heap History (20 events):
Event: 13.952 GC heap after
{Heap after GC invocations=20 (full 0):
 garbage-first heap   total 86016K, used 47293K [0x0000000080000000, 0x0000000100000000)
  region size 1024K, 3 young (3072K), 3 survivors (3072K)
 Metaspace       used 41368K, capacity 41991K, committed 42268K, reserved 1085440K
  class space    used 5458K, capacity 5700K, committed 5836K, reserved 1048576K
}
Event: 14.420 GC heap before
{Heap before GC invocations=20 (full 0):
 garbage-first heap   total 86016K, used 63677K [0x0000000080000000, 0x0000000100000000)
  region size 1024K, 19 young (19456K), 3 survivors (3072K)
 Metaspace       used 43990K, capacity 44709K, committed 44828K, reserved 1087488K
  class space    used 5767K, capacity 6004K, committed 6092K, reserved 1048576K
}
Event: 14.426 GC heap after
{Heap after GC invocations=21 (full 0):
 garbage-first heap   total 86016K, used 48236K [0x0000000080000000, 0x0000000100000000)
  region size 1024K, 1 young (1024K), 1 survivors (1024K)
 Metaspace       used 43990K, capacity 44709K, committed 44828K, reserved 1087488K
  class space    used 5767K, capacity 6004K, committed 6092K, reserved 1048576K
}
Event: 14.973 GC heap before
{Heap before GC invocations=22 (full 0):
 garbage-first heap   total 89088K, used 63596K [0x0000000080000000, 0x0000000100000000)
  region size 1024K, 17 young (17408K), 1 survivors (1024K)
 Metaspace       used 47060K, capacity 47758K, committed 48028K, reserved 1091584K
  class space    used 6130K, capacity 6358K, committed 6476K, reserved 1048576K
}
Event: 14.977 GC heap after
{Heap after GC invocations=23 (full 0):
 garbage-first heap   total 89088K, used 48744K [0x0000000080000000, 0x0000000100000000)
  region size 1024K, 2 young (2048K), 2 survivors (2048K)
 Metaspace       used 47060K, capacity 47758K, committed 48028K, reserved 1091584K
  class space    used 6130K, capacity 6358K, committed 6476K, reserved 1048576K
}
Event: 15.632 GC heap before
{Heap before GC invocations=23 (full 0):
 garbage-first heap   total 89088K, used 68200K [0x0000000080000000, 0x0000000100000000)
  region size 1024K, 21 young (21504K), 2 survivors (2048K)
 Metaspace       used 50688K, capacity 51391K, committed 51484K, reserved 1093632K
  class space    used 6557K, capacity 6795K, committed 6860K, reserved 1048576K
}
Event: 15.639 GC heap after
{Heap after GC invocations=24 (full 0):
 garbage-first heap   total 89088K, used 50049K [0x0000000080000000, 0x0000000100000000)
  region size 1024K, 3 young (3072K), 3 survivors (3072K)
 Metaspace       used 50688K, capacity 51391K, committed 51484K, reserved 1093632K
  class space    used 6557K, capacity 6795K, committed 6860K, reserved 1048576K
}
Event: 16.212 GC heap before
{Heap before GC invocations=25 (full 0):
 garbage-first heap   total 91136K, used 68481K [0x0000000080000000, 0x0000000100000000)
  region size 1024K, 22 young (22528K), 3 survivors (3072K)
 Metaspace       used 52865K, capacity 53669K, committed 53788K, reserved 1095680K
  class space    used 6809K, capacity 7084K, committed 7116K, reserved 1048576K
}
Event: 16.221 GC heap after
{Heap after GC invocations=26 (full 0):
 garbage-first heap   total 91136K, used 52219K [0x0000000080000000, 0x0000000100000000)
  region size 1024K, 3 young (3072K), 3 survivors (3072K)
 Metaspace       used 52865K, capacity 53669K, committed 53788K, reserved 1095680K
  class space    used 6809K, capacity 7084K, committed 7116K, reserved 1048576K
}
Event: 16.612 GC heap before
{Heap before GC invocations=26 (full 0):
 garbage-first heap   total 91136K, used 71675K [0x0000000080000000, 0x0000000100000000)
  region size 1024K, 22 young (22528K), 3 survivors (3072K)
 Metaspace       used 54919K, capacity 55657K, committed 55836K, reserved 1097728K
  class space    used 7057K, capacity 7315K, committed 7372K, reserved 1048576K
}
Event: 16.622 GC heap after
{Heap after GC invocations=27 (full 0):
 garbage-first heap   total 91136K, used 54080K [0x0000000080000000, 0x0000000100000000)
  region size 1024K, 2 young (2048K), 2 survivors (2048K)
 Metaspace       used 54919K, capacity 55657K, committed 55836K, reserved 1097728K
  class space    used 7057K, capacity 7315K, committed 7372K, reserved 1048576K
}
Event: 17.009 GC heap before
{Heap before GC invocations=28 (full 0):
 garbage-first heap   total 102400K, used 63296K [0x0000000080000000, 0x0000000100000000)
  region size 1024K, 12 young (12288K), 2 survivors (2048K)
 Metaspace       used 55875K, capacity 56649K, committed 56988K, reserved 1099776K
  class space    used 7151K, capacity 7411K, committed 7500K, reserved 1048576K
}
Event: 17.016 GC heap after
{Heap after GC invocations=29 (full 0):
 garbage-first heap   total 122880K, used 54735K [0x0000000080000000, 0x0000000100000000)
  region size 1024K, 3 young (3072K), 3 survivors (3072K)
 Metaspace       used 55875K, capacity 56649K, committed 56988K, reserved 1099776K
  class space    used 7151K, capacity 7411K, committed 7500K, reserved 1048576K
}
Event: 18.020 GC heap before
{Heap before GC invocations=30 (full 0):
 garbage-first heap   total 122880K, used 96719K [0x0000000080000000, 0x0000000100000000)
  region size 1024K, 43 young (44032K), 3 survivors (3072K)
 Metaspace       used 57616K, capacity 58475K, committed 58780K, reserved 1099776K
  class space    used 7375K, capacity 7677K, committed 7756K, reserved 1048576K
}
Event: 18.031 GC heap after
{Heap after GC invocations=31 (full 0):
 garbage-first heap   total 122880K, used 58135K [0x0000000080000000, 0x0000000100000000)
  region size 1024K, 6 young (6144K), 6 survivors (6144K)
 Metaspace       used 57616K, capacity 58475K, committed 58780K, reserved 1099776K
  class space    used 7375K, capacity 7677K, committed 7756K, reserved 1048576K
}
Event: 18.976 GC heap before
{Heap before GC invocations=31 (full 0):
 garbage-first heap   total 122880K, used 97047K [0x0000000080000000, 0x0000000100000000)
  region size 1024K, 44 young (45056K), 6 survivors (6144K)
 Metaspace       used 62445K, capacity 63241K, committed 63516K, reserved 1103872K
  class space    used 8192K, capacity 8514K, committed 8652K, reserved 1048576K
}
Event: 18.990 GC heap after
{Heap after GC invocations=32 (full 0):
 garbage-first heap   total 122880K, used 60869K [0x0000000080000000, 0x0000000100000000)
  region size 1024K, 3 young (3072K), 3 survivors (3072K)
 Metaspace       used 62445K, capacity 63241K, committed 63516K, reserved 1103872K
  class space    used 8192K, capacity 8514K, committed 8652K, reserved 1048576K
}
Event: 24.626 GC heap before
{Heap before GC invocations=32 (full 0):
 garbage-first heap   total 122880K, used 97733K [0x0000000080000000, 0x0000000100000000)
  region size 1024K, 40 young (40960K), 3 survivors (3072K)
 Metaspace       used 68095K, capacity 68924K, committed 69148K, reserved 1110016K
  class space    used 8840K, capacity 9098K, committed 9164K, reserved 1048576K
}
Event: 24.640 GC heap after
{Heap after GC invocations=33 (full 0):
 garbage-first heap   total 122880K, used 64401K [0x0000000080000000, 0x0000000100000000)
  region size 1024K, 5 young (5120K), 5 survivors (5120K)
 Metaspace       used 68095K, capacity 68924K, committed 69148K, reserved 1110016K
  class space    used 8840K, capacity 9098K, committed 9164K, reserved 1048576K
}
Event: 35.576 GC heap before
{Heap before GC invocations=34 (full 0):
 garbage-first heap   total 122880K, used 98193K [0x0000000080000000, 0x0000000100000000)
  region size 1024K, 39 young (39936K), 5 survivors (5120K)
 Metaspace       used 70284K, capacity 71240K, committed 71324K, reserved 1112064K
  class space    used 8962K, capacity 9275K, committed 9292K, reserved 1048576K
}

