# JRE version: Java(TM) SE Runtime Environment (15.0.1+9) (build 15.0.1+9-18)
# Java VM: Java HotSpot(TM) 64-Bit Server VM (15.0.1+9-18, mixed mode, sharing, tiered, compressed oops, g1 gc, windows-amd64)
GC Precious Log:
 CPUs: 4 total, 4 available
 Memory: 3976M
 Large Page Support: Disabled
 NUMA Support: Disabled
 Compressed Oops: Enabled (32-bit)
 Heap Region Size: 1M
 Heap Min Capacity: 8M
 Heap Initial Capacity: 64M
 Heap Max Capacity: 2G
 Pre-touch: Disabled
 Parallel Workers: 4
 Concurrent Workers: 1
 Concurrent Refinement Workers: 4
 Periodic GC: Disabled
Heap:
 garbage-first heap   total 466944K, used 150308K [0x0000000080000000, 0x0000000100000000)
  region size 1024K, 5 young (5120K), 5 survivors (5120K)
 Metaspace       used 93512K, capacity 94730K, committed 94876K, reserved 1132544K
  class space    used 12215K, capacity 12584K, committed 12620K, reserved 1048576K
GC Heap History (20 events):
Event: 52.460 GC heap after
{Heap after GC invocations=43 (full 0):
 garbage-first heap   total 161792K, used 79970K [0x0000000080000000, 0x0000000100000000)
  region size 1024K, 3 young (3072K), 3 survivors (3072K)
 Metaspace       used 80904K, capacity 81990K, committed 82076K, reserved 1120256K
  class space    used 10477K, capacity 10813K, committed 10828K, reserved 1048576K
}
Event: 57.817 GC heap before
{Heap before GC invocations=44 (full 0):
 garbage-first heap   total 161792K, used 129122K [0x0000000080000000, 0x0000000100000000)
  region size 1024K, 52 young (53248K), 3 survivors (3072K)
 Metaspace       used 82197K, capacity 83332K, committed 83612K, reserved 1122304K
  class space    used 10626K, capacity 11027K, committed 11084K, reserved 1048576K
}
Event: 57.835 GC heap after
{Heap after GC invocations=45 (full 0):
 garbage-first heap   total 161792K, used 83483K [0x0000000080000000, 0x0000000100000000)
  region size 1024K, 7 young (7168K), 7 survivors (7168K)
 Metaspace       used 82197K, capacity 83332K, committed 83612K, reserved 1122304K
  class space    used 10626K, capacity 11027K, committed 11084K, reserved 1048576K
}
Event: 59.343 GC heap before
{Heap before GC invocations=45 (full 0):
 garbage-first heap   total 161792K, used 129563K [0x0000000080000000, 0x0000000100000000)
  region size 1024K, 53 young (54272K), 7 survivors (7168K)
 Metaspace       used 85211K, capacity 86346K, committed 86556K, reserved 1124352K
  class space    used 11025K, capacity 11413K, committed 11468K, reserved 1048576K
}
Event: 59.361 GC heap after
{Heap after GC invocations=46 (full 0):
 garbage-first heap   total 161792K, used 86580K [0x0000000080000000, 0x0000000100000000)
  region size 1024K, 4 young (4096K), 4 survivors (4096K)
 Metaspace       used 85211K, capacity 86346K, committed 86556K, reserved 1124352K
  class space    used 11025K, capacity 11413K, committed 11468K, reserved 1048576K
}
Event: 60.494 GC heap before
{Heap before GC invocations=47 (full 0):
 garbage-first heap   total 161792K, used 122420K [0x0000000080000000, 0x0000000100000000)
  region size 1024K, 41 young (41984K), 4 survivors (4096K)
 Metaspace       used 86038K, capacity 87180K, committed 87452K, reserved 1126400K
  class space    used 11130K, capacity 11477K, committed 11596K, reserved 1048576K
}
Event: 60.514 GC heap after
{Heap after GC invocations=48 (full 0):
 garbage-first heap   total 161792K, used 96208K [0x0000000080000000, 0x0000000100000000)
  region size 1024K, 7 young (7168K), 7 survivors (7168K)
 Metaspace       used 86038K, capacity 87180K, committed 87452K, reserved 1126400K
  class space    used 11130K, capacity 11477K, committed 11596K, reserved 1048576K
}
Event: 61.311 GC heap before
{Heap before GC invocations=49 (full 0):
 garbage-first heap   total 198656K, used 128976K [0x0000000080000000, 0x0000000100000000)
  region size 1024K, 38 young (38912K), 7 survivors (7168K)
 Metaspace       used 87290K, capacity 88428K, committed 88604K, reserved 1126400K
  class space    used 11281K, capacity 11637K, committed 11724K, reserved 1048576K
}
Event: 61.330 GC heap after
{Heap after GC invocations=50 (full 0):
 garbage-first heap   total 198656K, used 100611K [0x0000000080000000, 0x0000000100000000)
  region size 1024K, 5 young (5120K), 5 survivors (5120K)
 Metaspace       used 87290K, capacity 88428K, committed 88604K, reserved 1126400K
  class space    used 11281K, capacity 11637K, committed 11724K, reserved 1048576K
}
Event: 64.132 GC heap before
{Heap before GC invocations=50 (full 0):
 garbage-first heap   total 198656K, used 153859K [0x0000000080000000, 0x0000000100000000)
  region size 1024K, 57 young (58368K), 5 survivors (5120K)
 Metaspace       used 89965K, capacity 91189K, committed 91548K, reserved 1128448K
  class space    used 11634K, capacity 12002K, committed 12108K, reserved 1048576K
}
Event: 64.162 GC heap after
{Heap after GC invocations=51 (full 0):
 garbage-first heap   total 198656K, used 107980K [0x0000000080000000, 0x0000000100000000)
  region size 1024K, 8 young (8192K), 8 survivors (8192K)
 Metaspace       used 89965K, capacity 91189K, committed 91548K, reserved 1128448K
  class space    used 11634K, capacity 12002K, committed 12108K, reserved 1048576K
}
Event: 66.787 GC heap before
{Heap before GC invocations=52 (full 0):
 garbage-first heap   total 222208K, used 154060K [0x0000000080000000, 0x0000000100000000)
  region size 1024K, 53 young (54272K), 8 survivors (8192K)
 Metaspace       used 90758K, capacity 91931K, committed 92188K, reserved 1130496K
  class space    used 11750K, capacity 12100K, committed 12236K, reserved 1048576K
}
Event: 66.878 GC heap after
{Heap after GC invocations=53 (full 0):
 garbage-first heap   total 222208K, used 116930K [0x0000000080000000, 0x0000000100000000)
  region size 1024K, 7 young (7168K), 7 survivors (7168K)
 Metaspace       used 90758K, capacity 91931K, committed 92188K, reserved 1130496K
  class space    used 11750K, capacity 12100K, committed 12236K, reserved 1048576K
}
Event: 68.822 GC heap before
{Heap before GC invocations=53 (full 0):
 garbage-first heap   total 222208K, used 171202K [0x0000000080000000, 0x0000000100000000)
  region size 1024K, 60 young (61440K), 7 survivors (7168K)
 Metaspace       used 91696K, capacity 92897K, committed 93084K, reserved 1130496K
  class space    used 11870K, capacity 12229K, committed 12364K, reserved 1048576K
}
Event: 68.945 GC heap after
{Heap after GC invocations=54 (full 0):
 garbage-first heap   total 222208K, used 126976K [0x0000000080000000, 0x0000000100000000)
  region size 1024K, 8 young (8192K), 8 survivors (8192K)
 Metaspace       used 91696K, capacity 92897K, committed 93084K, reserved 1130496K
  class space    used 11870K, capacity 12229K, committed 12364K, reserved 1048576K
}
Event: 70.237 GC heap before
{Heap before GC invocations=54 (full 0):
 garbage-first heap   total 222208K, used 175104K [0x0000000080000000, 0x0000000100000000)
  region size 1024K, 56 young (57344K), 8 survivors (8192K)
 Metaspace       used 92333K, capacity 93511K, committed 93596K, reserved 1130496K
  class space    used 11979K, capacity 12327K, committed 12364K, reserved 1048576K
}
Event: 71.211 GC heap after
{Heap after GC invocations=55 (full 0):
 garbage-first heap   total 222208K, used 136192K [0x0000000080000000, 0x0000000100000000)
  region size 1024K, 7 young (7168K), 7 survivors (7168K)
 Metaspace       used 92333K, capacity 93511K, committed 93596K, reserved 1130496K
  class space    used 11979K, capacity 12327K, committed 12364K, reserved 1048576K
}
Event: 72.111 GC heap before
{Heap before GC invocations=56 (full 0):
 garbage-first heap   total 229376K, used 179200K [0x0000000080000000, 0x0000000100000000)
  region size 1024K, 49 young (50176K), 7 survivors (7168K)
 Metaspace       used 92400K, capacity 93607K, committed 93980K, reserved 1130496K
  class space    used 11992K, capacity 12359K, committed 12492K, reserved 1048576K
}
Event: 72.594 GC heap after
{Heap after GC invocations=57 (full 0):
 garbage-first heap   total 229376K, used 144384K [0x0000000080000000, 0x0000000100000000)
  region size 1024K, 7 young (7168K), 7 survivors (7168K)
 Metaspace       used 92400K, capacity 93607K, committed 93980K, reserved 1130496K
  class space    used 11992K, capacity 12359K, committed 12492K, reserved 1048576K
}
Event: 74.593 GC heap before
{Heap before GC invocations=57 (full 0):
 garbage-first heap   total 229376K, used 173056K [0x0000000080000000, 0x0000000100000000)
  region size 1024K, 35 young (35840K), 7 survivors (7168K)
 Metaspace       used 93512K, capacity 94730K, committed 94876K, reserved 1132544K
  class space    used 12215K, capacity 12584K, committed 12620K, reserved 1048576K
}

