# JRE version: Java(TM) SE Runtime Environment (15.0.1+9) (build 15.0.1+9-18)
# Java VM: Java HotSpot(TM) 64-Bit Server VM (15.0.1+9-18, mixed mode, sharing, tiered, compressed oops, g1 gc, windows-amd64)
GC Precious Log:
 CPUs: 4 total, 4 available
 Memory: 8072M
 Large Page Support: Disabled
 NUMA Support: Disabled
 Compressed Oops: Enabled (32-bit)
 Heap Region Size: 1M
 Heap Min Capacity: 8M
 Heap Initial Capacity: 128M
 Heap Max Capacity: 2G
 Pre-touch: Disabled
 Parallel Workers: 4
 Concurrent Workers: 1
 Concurrent Refinement Workers: 4
 Periodic GC: Disabled
Heap:
 garbage-first heap   total 521216K, used 311296K [0x0000000080000000, 0x0000000100000000)
  region size 1024K, 31 young (31744K), 11 survivors (11264K)
 Metaspace       used 137356K, capacity 139078K, committed 139420K, reserved 1171456K
  class space    used 16981K, capacity 17474K, committed 17644K, reserved 1048576K
GC Heap History (20 events):
Event: 4632.157 GC heap before
{Heap before GC invocations=73 (full 0):
 garbage-first heap   total 332800K, used 239459K [0x0000000080000000, 0x0000000100000000)
  region size 1024K, 56 young (57344K), 3 survivors (3072K)
 Metaspace       used 122441K, capacity 124133K, committed 124700K, reserved 1159168K
  class space    used 14999K, capacity 15514K, committed 15724K, reserved 1048576K
}
Event: 4632.166 GC heap after
{Heap after GC invocations=74 (full 0):
 garbage-first heap   total 332800K, used 187348K [0x0000000080000000, 0x0000000100000000)
  region size 1024K, 4 young (4096K), 4 survivors (4096K)
 Metaspace       used 122441K, capacity 124133K, committed 124700K, reserved 1159168K
  class space    used 14999K, capacity 15514K, committed 15724K, reserved 1048576K
}
Event: 4632.446 GC heap before
{Heap before GC invocations=74 (full 0):
 garbage-first heap   total 332800K, used 198612K [0x0000000080000000, 0x0000000100000000)
  region size 1024K, 16 young (16384K), 4 survivors (4096K)
 Metaspace       used 122483K, capacity 124133K, committed 124700K, reserved 1159168K
  class space    used 15000K, capacity 15514K, committed 15724K, reserved 1048576K
}
Event: 4632.471 GC heap after
{Heap after GC invocations=75 (full 0):
 garbage-first heap   total 332800K, used 161883K [0x0000000080000000, 0x0000000100000000)
  region size 1024K, 1 young (1024K), 1 survivors (1024K)
 Metaspace       used 122483K, capacity 124133K, committed 124700K, reserved 1159168K
  class space    used 15000K, capacity 15514K, committed 15724K, reserved 1048576K
}
Event: 4633.949 GC heap before
{Heap before GC invocations=75 (full 0):
 garbage-first heap   total 332800K, used 262235K [0x0000000080000000, 0x0000000100000000)
  region size 1024K, 100 young (102400K), 1 survivors (1024K)
 Metaspace       used 124428K, capacity 126067K, committed 126748K, reserved 1161216K
  class space    used 15209K, capacity 15722K, committed 15980K, reserved 1048576K
}
Event: 4633.958 GC heap after
{Heap after GC invocations=76 (full 0):
 garbage-first heap   total 332800K, used 164652K [0x0000000080000000, 0x0000000100000000)
  region size 1024K, 4 young (4096K), 4 survivors (4096K)
 Metaspace       used 124428K, capacity 126067K, committed 126748K, reserved 1161216K
  class space    used 15209K, capacity 15722K, committed 15980K, reserved 1048576K
}
Event: 4635.615 GC heap before
{Heap before GC invocations=77 (full 0):
 garbage-first heap   total 332800K, used 267052K [0x0000000080000000, 0x0000000100000000)
  region size 1024K, 109 young (111616K), 4 survivors (4096K)
 Metaspace       used 129168K, capacity 130804K, committed 131356K, reserved 1165312K
  class space    used 15781K, capacity 16272K, committed 16492K, reserved 1048576K
}
Event: 4635.635 GC heap after
{Heap after GC invocations=78 (full 0):
 garbage-first heap   total 332800K, used 168177K [0x0000000080000000, 0x0000000100000000)
  region size 1024K, 11 young (11264K), 11 survivors (11264K)
 Metaspace       used 129168K, capacity 130804K, committed 131356K, reserved 1165312K
  class space    used 15781K, capacity 16272K, committed 16492K, reserved 1048576K
}
Event: 4635.668 GC heap before
{Heap before GC invocations=78 (full 0):
 garbage-first heap   total 332800K, used 172273K [0x0000000080000000, 0x0000000100000000)
  region size 1024K, 16 young (16384K), 11 survivors (11264K)
 Metaspace       used 129168K, capacity 130804K, committed 131356K, reserved 1165312K
  class space    used 15781K, capacity 16272K, committed 16492K, reserved 1048576K
}
Event: 4635.724 GC heap after
{Heap after GC invocations=79 (full 0):
 garbage-first heap   total 332800K, used 147641K [0x0000000080000000, 0x0000000100000000)
  region size 1024K, 2 young (2048K), 2 survivors (2048K)
 Metaspace       used 129168K, capacity 130804K, committed 131356K, reserved 1165312K
  class space    used 15781K, capacity 16272K, committed 16492K, reserved 1048576K
}
Event: 4636.288 GC heap before
{Heap before GC invocations=79 (full 0):
 garbage-first heap   total 332800K, used 202937K [0x0000000080000000, 0x0000000100000000)
  region size 1024K, 58 young (59392K), 2 survivors (2048K)
 Metaspace       used 129626K, capacity 131353K, committed 131868K, reserved 1165312K
  class space    used 15835K, capacity 16326K, committed 16492K, reserved 1048576K
}
Event: 4636.295 GC heap after
{Heap after GC invocations=80 (full 0):
 garbage-first heap   total 332800K, used 148812K [0x0000000080000000, 0x0000000100000000)
  region size 1024K, 3 young (3072K), 3 survivors (3072K)
 Metaspace       used 129626K, capacity 131353K, committed 131868K, reserved 1165312K
  class space    used 15835K, capacity 16326K, committed 16492K, reserved 1048576K
}
Event: 4636.995 GC heap before
{Heap before GC invocations=81 (full 0):
 garbage-first heap   total 332800K, used 209228K [0x0000000080000000, 0x0000000100000000)
  region size 1024K, 49 young (50176K), 3 survivors (3072K)
 Metaspace       used 132733K, capacity 134481K, committed 134812K, reserved 1167360K
  class space    used 16242K, capacity 16731K, committed 16876K, reserved 1048576K
}
Event: 4637.010 GC heap after
{Heap after GC invocations=82 (full 0):
 garbage-first heap   total 332800K, used 173954K [0x0000000080000000, 0x0000000100000000)
  region size 1024K, 13 young (13312K), 13 survivors (13312K)
 Metaspace       used 132733K, capacity 134481K, committed 134812K, reserved 1167360K
  class space    used 16242K, capacity 16731K, committed 16876K, reserved 1048576K
}
Event: 4637.480 GC heap before
{Heap before GC invocations=83 (full 0):
 garbage-first heap   total 421888K, used 269186K [0x0000000080000000, 0x0000000100000000)
  region size 1024K, 69 young (70656K), 13 survivors (13312K)
 Metaspace       used 133094K, capacity 134845K, committed 135068K, reserved 1167360K
  class space    used 16281K, capacity 16767K, committed 16876K, reserved 1048576K
}
Event: 4637.511 GC heap after
{Heap after GC invocations=84 (full 0):
 garbage-first heap   total 421888K, used 209584K [0x0000000080000000, 0x0000000100000000)
  region size 1024K, 13 young (13312K), 13 survivors (13312K)
 Metaspace       used 133094K, capacity 134845K, committed 135068K, reserved 1167360K
  class space    used 16281K, capacity 16767K, committed 16876K, reserved 1048576K
}
Event: 4638.524 GC heap before
{Heap before GC invocations=85 (full 0):
 garbage-first heap   total 421888K, used 319152K [0x0000000080000000, 0x0000000100000000)
  region size 1024K, 119 young (121856K), 13 survivors (13312K)
 Metaspace       used 135417K, capacity 137219K, committed 137628K, reserved 1169408K
  class space    used 16732K, capacity 17217K, committed 17388K, reserved 1048576K
}
Event: 4638.611 GC heap after
{Heap after GC invocations=86 (full 0):
 garbage-first heap   total 421888K, used 257024K [0x0000000080000000, 0x0000000100000000)
  region size 1024K, 15 young (15360K), 15 survivors (15360K)
 Metaspace       used 135417K, capacity 137219K, committed 137628K, reserved 1169408K
  class space    used 16732K, capacity 17217K, committed 17388K, reserved 1048576K
}
Event: 4639.038 GC heap before
{Heap before GC invocations=86 (full 0):
 garbage-first heap   total 421888K, used 323584K [0x0000000080000000, 0x0000000100000000)
  region size 1024K, 81 young (82944K), 15 survivors (15360K)
 Metaspace       used 135430K, capacity 137219K, committed 137628K, reserved 1169408K
  class space    used 16733K, capacity 17217K, committed 17388K, reserved 1048576K
}
Event: 4639.119 GC heap after
{Heap after GC invocations=87 (full 0):
 garbage-first heap   total 421888K, used 291840K [0x0000000080000000, 0x0000000100000000)
  region size 1024K, 11 young (11264K), 11 survivors (11264K)
 Metaspace       used 135430K, capacity 137219K, committed 137628K, reserved 1169408K
  class space    used 16733K, capacity 17217K, committed 17388K, reserved 1048576K
}

