# JRE version: Java(TM) SE Runtime Environment (15.0.1+9) (build 15.0.1+9-18)
# Java VM: Java HotSpot(TM) 64-Bit Server VM (15.0.1+9-18, mixed mode, sharing, tiered, compressed oops, g1 gc, windows-amd64)
GC Precious Log:
 CPUs: 4 total, 4 available
 Memory: 3976M
 Large Page Support: Disabled
 NUMA Support: Disabled
 Compressed Oops: Enabled (32-bit)
 Heap Region Size: 1M
 Heap Min Capacity: 8M
 Heap Initial Capacity: 64M
 Heap Max Capacity: 2G
 Pre-touch: Disabled
 Parallel Workers: 4
 Concurrent Workers: 1
 Concurrent Refinement Workers: 4
 Periodic GC: Disabled
Heap:
 garbage-first heap   total 493568K, used 160070K [0x0000000080000000, 0x0000000100000000)
  region size 1024K, 15 young (15360K), 15 survivors (15360K)
 Metaspace       used 122905K, capacity 124208K, committed 124392K, reserved 1159168K
  class space    used 15251K, capacity 15667K, committed 15768K, reserved 1048576K
GC Heap History (20 events):
Event: 259.659 GC heap before
{Heap before GC invocations=104 (full 0):
 garbage-first heap   total 271360K, used 188595K [0x0000000080000000, 0x0000000100000000)
  region size 1024K, 63 young (64512K), 2 survivors (2048K)
 Metaspace       used 121863K, capacity 123151K, committed 123496K, reserved 1157120K
  class space    used 15126K, capacity 15530K, committed 15640K, reserved 1048576K
}
Event: 259.670 GC heap after
{Heap after GC invocations=105 (full 0):
 garbage-first heap   total 271360K, used 128567K [0x0000000080000000, 0x0000000100000000)
  region size 1024K, 3 young (3072K), 3 survivors (3072K)
 Metaspace       used 121863K, capacity 123151K, committed 123496K, reserved 1157120K
  class space    used 15126K, capacity 15530K, committed 15640K, reserved 1048576K
}
Event: 261.696 GC heap before
{Heap before GC invocations=105 (full 0):
 garbage-first heap   total 271360K, used 226871K [0x0000000080000000, 0x0000000100000000)
  region size 1024K, 100 young (102400K), 3 survivors (3072K)
 Metaspace       used 122463K, capacity 123777K, committed 124136K, reserved 1157120K
  class space    used 15219K, capacity 15632K, committed 15768K, reserved 1048576K
}
Event: 261.709 GC heap after
{Heap after GC invocations=106 (full 0):
 garbage-first heap   total 271360K, used 128264K [0x0000000080000000, 0x0000000100000000)
  region size 1024K, 3 young (3072K), 3 survivors (3072K)
 Metaspace       used 122463K, capacity 123777K, committed 124136K, reserved 1157120K
  class space    used 15219K, capacity 15632K, committed 15768K, reserved 1048576K
}
Event: 263.301 GC heap before
{Heap before GC invocations=107 (full 0):
 garbage-first heap   total 273408K, used 230664K [0x0000000080000000, 0x0000000100000000)
  region size 1024K, 103 young (105472K), 3 survivors (3072K)
 Metaspace       used 122557K, capacity 123911K, committed 124136K, reserved 1157120K
  class space    used 15226K, capacity 15633K, committed 15768K, reserved 1048576K
}
Event: 263.316 GC heap after
{Heap after GC invocations=108 (full 0):
 garbage-first heap   total 273408K, used 128807K [0x0000000080000000, 0x0000000100000000)
  region size 1024K, 3 young (3072K), 3 survivors (3072K)
 Metaspace       used 122557K, capacity 123911K, committed 124136K, reserved 1157120K
  class space    used 15226K, capacity 15633K, committed 15768K, reserved 1048576K
}
Event: 263.904 GC heap before
{Heap before GC invocations=108 (full 0):
 garbage-first heap   total 273408K, used 234279K [0x0000000080000000, 0x0000000100000000)
  region size 1024K, 106 young (108544K), 3 survivors (3072K)
 Metaspace       used 122649K, capacity 124013K, committed 124136K, reserved 1157120K
  class space    used 15241K, capacity 15666K, committed 15768K, reserved 1048576K
}
Event: 263.917 GC heap after
{Heap after GC invocations=109 (full 0):
 garbage-first heap   total 273408K, used 129276K [0x0000000080000000, 0x0000000100000000)
  region size 1024K, 4 young (4096K), 4 survivors (4096K)
 Metaspace       used 122649K, capacity 124013K, committed 124136K, reserved 1157120K
  class space    used 15241K, capacity 15666K, committed 15768K, reserved 1048576K
}
Event: 265.679 GC heap before
{Heap before GC invocations=110 (full 0):
 garbage-first heap   total 273408K, used 234748K [0x0000000080000000, 0x0000000100000000)
  region size 1024K, 108 young (110592K), 4 survivors (4096K)
 Metaspace       used 122729K, capacity 124077K, committed 124392K, reserved 1159168K
  class space    used 15242K, capacity 15666K, committed 15768K, reserved 1048576K
}
Event: 265.692 GC heap after
{Heap after GC invocations=111 (full 0):
 garbage-first heap   total 273408K, used 128704K [0x0000000080000000, 0x0000000100000000)
  region size 1024K, 3 young (3072K), 3 survivors (3072K)
 Metaspace       used 122729K, capacity 124077K, committed 124392K, reserved 1159168K
  class space    used 15242K, capacity 15666K, committed 15768K, reserved 1048576K
}
Event: 265.796 GC heap before
{Heap before GC invocations=111 (full 0):
 garbage-first heap   total 273408K, used 138944K [0x0000000080000000, 0x0000000100000000)
  region size 1024K, 13 young (13312K), 3 survivors (3072K)
 Metaspace       used 122734K, capacity 124077K, committed 124392K, reserved 1159168K
  class space    used 15242K, capacity 15666K, committed 15768K, reserved 1048576K
}
Event: 265.908 GC heap after
{Heap after GC invocations=112 (full 0):
 garbage-first heap   total 273408K, used 115942K [0x0000000080000000, 0x0000000100000000)
  region size 1024K, 2 young (2048K), 2 survivors (2048K)
 Metaspace       used 122734K, capacity 124077K, committed 124392K, reserved 1159168K
  class space    used 15242K, capacity 15666K, committed 15768K, reserved 1048576K
}
Event: 267.109 GC heap before
{Heap before GC invocations=112 (full 0):
 garbage-first heap   total 273408K, used 237798K [0x0000000080000000, 0x0000000100000000)
  region size 1024K, 119 young (121856K), 2 survivors (2048K)
 Metaspace       used 122801K, capacity 124141K, committed 124392K, reserved 1159168K
  class space    used 15246K, capacity 15666K, committed 15768K, reserved 1048576K
}
Event: 267.128 GC heap after
{Heap after GC invocations=113 (full 0):
 garbage-first heap   total 273408K, used 125473K [0x0000000080000000, 0x0000000100000000)
  region size 1024K, 10 young (10240K), 10 survivors (10240K)
 Metaspace       used 122801K, capacity 124141K, committed 124392K, reserved 1159168K
  class space    used 15246K, capacity 15666K, committed 15768K, reserved 1048576K
}
Event: 268.072 GC heap before
{Heap before GC invocations=113 (full 0):
 garbage-first heap   total 273408K, used 229921K [0x0000000080000000, 0x0000000100000000)
  region size 1024K, 112 young (114688K), 10 survivors (10240K)
 Metaspace       used 122845K, capacity 124208K, committed 124392K, reserved 1159168K
  class space    used 15249K, capacity 15667K, committed 15768K, reserved 1048576K
}
Event: 268.163 GC heap after
{Heap after GC invocations=114 (full 0):
 garbage-first heap   total 273408K, used 138500K [0x0000000080000000, 0x0000000100000000)
  region size 1024K, 14 young (14336K), 14 survivors (14336K)
 Metaspace       used 122845K, capacity 124208K, committed 124392K, reserved 1159168K
  class space    used 15249K, capacity 15667K, committed 15768K, reserved 1048576K
}
Event: 268.723 GC heap before
{Heap before GC invocations=114 (full 0):
 garbage-first heap   total 273408K, used 223492K [0x0000000080000000, 0x0000000100000000)
  region size 1024K, 97 young (99328K), 14 survivors (14336K)
 Metaspace       used 122881K, capacity 124208K, committed 124392K, reserved 1159168K
  class space    used 15250K, capacity 15667K, committed 15768K, reserved 1048576K
}
Event: 268.773 GC heap after
{Heap after GC invocations=115 (full 0):
 garbage-first heap   total 273408K, used 146532K [0x0000000080000000, 0x0000000100000000)
  region size 1024K, 9 young (9216K), 9 survivors (9216K)
 Metaspace       used 122881K, capacity 124208K, committed 124392K, reserved 1159168K
  class space    used 15250K, capacity 15667K, committed 15768K, reserved 1048576K
}
Event: 269.412 GC heap before
{Heap before GC invocations=115 (full 0):
 garbage-first heap   total 365568K, used 224356K [0x0000000080000000, 0x0000000100000000)
  region size 1024K, 85 young (87040K), 9 survivors (9216K)
 Metaspace       used 122886K, capacity 124208K, committed 124392K, reserved 1159168K
  class space    used 15250K, capacity 15667K, committed 15768K, reserved 1048576K
}
Event: 269.445 GC heap after
{Heap after GC invocations=116 (full 0):
 garbage-first heap   total 365568K, used 152385K [0x0000000080000000, 0x0000000100000000)
  region size 1024K, 7 young (7168K), 7 survivors (7168K)
 Metaspace       used 122886K, capacity 124208K, committed 124392K, reserved 1159168K
  class space    used 15250K, capacity 15667K, committed 15768K, reserved 1048576K
}

