# JRE version: OpenJDK Runtime Environment (11.0.12+7) (build 11.0.12+7-b1504.28-7817840)
# Java VM: OpenJDK 64-Bit Server VM (11.0.12+7-b1504.28-7817840, mixed mode, tiered, compressed oops, g1 gc, windows-amd64)
Heap:
 garbage-first heap   total 189440K, used 109321K [0x0000000080000000, 0x0000000100000000)
  region size 1024K, 2 young (2048K), 1 survivors (1024K)
 Metaspace       used 131877K, capacity 136616K, committed 136736K, reserved 1169408K
  class space    used 15999K, capacity 17675K, committed 17748K, reserved 1048576K
GC Heap History (20 events):
Event: 7172.520 GC heap before
{Heap before GC invocations=172 (full 0):
 garbage-first heap   total 189440K, used 147253K [0x0000000080000000, 0x0000000100000000)
  region size 1024K, 59 young (60416K), 1 survivors (1024K)
 Metaspace       used 129285K, capacity 133995K, committed 134176K, reserved 1165312K
  class space    used 15767K, capacity 17473K, committed 17492K, reserved 1048576K
}
Event: 7172.542 GC heap after
{Heap after GC invocations=173 (full 0):
 garbage-first heap   total 189440K, used 94955K [0x0000000080000000, 0x0000000100000000)
  region size 1024K, 7 young (7168K), 7 survivors (7168K)
 Metaspace       used 129285K, capacity 133995K, committed 134176K, reserved 1165312K
  class space    used 15767K, capacity 17473K, committed 17492K, reserved 1048576K
}
Event: 7174.284 GC heap before
{Heap before GC invocations=174 (full 0):
 garbage-first heap   total 189440K, used 153323K [0x0000000080000000, 0x0000000100000000)
  region size 1024K, 63 young (64512K), 7 survivors (7168K)
 Metaspace       used 129321K, capacity 134061K, committed 134176K, reserved 1165312K
  class space    used 15767K, capacity 17473K, committed 17492K, reserved 1048576K
}
Event: 7174.304 GC heap after
{Heap after GC invocations=175 (full 0):
 garbage-first heap   total 189440K, used 98978K [0x0000000080000000, 0x0000000100000000)
  region size 1024K, 4 young (4096K), 4 survivors (4096K)
 Metaspace       used 129321K, capacity 134061K, committed 134176K, reserved 1165312K
  class space    used 15767K, capacity 17473K, committed 17492K, reserved 1048576K
}
Event: 7174.571 GC heap before
{Heap before GC invocations=175 (full 0):
 garbage-first heap   total 189440K, used 111266K [0x0000000080000000, 0x0000000100000000)
  region size 1024K, 9 young (9216K), 4 survivors (4096K)
 Metaspace       used 129327K, capacity 134061K, committed 134176K, reserved 1165312K
  class space    used 15767K, capacity 17473K, committed 17492K, reserved 1048576K
}
Event: 7174.590 GC heap after
{Heap after GC invocations=176 (full 0):
 garbage-first heap   total 189440K, used 91133K [0x0000000080000000, 0x0000000100000000)
  region size 1024K, 1 young (1024K), 1 survivors (1024K)
 Metaspace       used 129327K, capacity 134061K, committed 134176K, reserved 1165312K
  class space    used 15767K, capacity 17473K, committed 17492K, reserved 1048576K
}
Event: 7189.069 GC heap before
{Heap before GC invocations=176 (full 0):
 garbage-first heap   total 189440K, used 151549K [0x0000000080000000, 0x0000000100000000)
  region size 1024K, 61 young (62464K), 1 survivors (1024K)
 Metaspace       used 130299K, capacity 135000K, committed 135072K, reserved 1167360K
  class space    used 15877K, capacity 17596K, committed 17620K, reserved 1048576K
}
Event: 7189.109 GC heap after
{Heap after GC invocations=177 (full 0):
 garbage-first heap   total 189440K, used 97143K [0x0000000080000000, 0x0000000100000000)
  region size 1024K, 7 young (7168K), 7 survivors (7168K)
 Metaspace       used 130299K, capacity 135000K, committed 135072K, reserved 1167360K
  class space    used 15877K, capacity 17596K, committed 17620K, reserved 1048576K
}
Event: 7190.207 GC heap before
{Heap before GC invocations=178 (full 0):
 garbage-first heap   total 189440K, used 152439K [0x0000000080000000, 0x0000000100000000)
  region size 1024K, 62 young (63488K), 7 survivors (7168K)
 Metaspace       used 131049K, capacity 135732K, committed 135968K, reserved 1167360K
  class space    used 15957K, capacity 17669K, committed 17748K, reserved 1048576K
}
Event: 7190.227 GC heap after
{Heap after GC invocations=179 (full 0):
 garbage-first heap   total 189440K, used 100228K [0x0000000080000000, 0x0000000100000000)
  region size 1024K, 4 young (4096K), 4 survivors (4096K)
 Metaspace       used 131049K, capacity 135732K, committed 135968K, reserved 1167360K
  class space    used 15957K, capacity 17669K, committed 17748K, reserved 1048576K
}
Event: 7190.495 GC heap before
{Heap before GC invocations=179 (full 0):
 garbage-first heap   total 189440K, used 105348K [0x0000000080000000, 0x0000000100000000)
  region size 1024K, 9 young (9216K), 4 survivors (4096K)
 Metaspace       used 131324K, capacity 136062K, committed 136224K, reserved 1167360K
  class space    used 15981K, capacity 17672K, committed 17748K, reserved 1048576K
}
Event: 7190.517 GC heap after
{Heap after GC invocations=180 (full 0):
 garbage-first heap   total 189440K, used 98889K [0x0000000080000000, 0x0000000100000000)
  region size 1024K, 1 young (1024K), 1 survivors (1024K)
 Metaspace       used 131324K, capacity 136062K, committed 136224K, reserved 1167360K
  class space    used 15981K, capacity 17672K, committed 17748K, reserved 1048576K
}
Event: 7190.984 GC heap before
{Heap before GC invocations=180 (full 0):
 garbage-first heap   total 189440K, used 108105K [0x0000000080000000, 0x0000000100000000)
  region size 1024K, 12 young (12288K), 1 survivors (1024K)
 Metaspace       used 131355K, capacity 136063K, committed 136224K, reserved 1167360K
  class space    used 15982K, capacity 17672K, committed 17748K, reserved 1048576K
}
Event: 7191.002 GC heap after
{Heap after GC invocations=181 (full 0):
 garbage-first heap   total 189440K, used 101086K [0x0000000080000000, 0x0000000100000000)
  region size 1024K, 3 young (3072K), 3 survivors (3072K)
 Metaspace       used 131355K, capacity 136063K, committed 136224K, reserved 1167360K
  class space    used 15982K, capacity 17672K, committed 17748K, reserved 1048576K
}
Event: 7194.626 GC heap before
{Heap before GC invocations=182 (full 0):
 garbage-first heap   total 189440K, used 145118K [0x0000000080000000, 0x0000000100000000)
  region size 1024K, 47 young (48128K), 3 survivors (3072K)
 Metaspace       used 131505K, capacity 136267K, committed 136480K, reserved 1167360K
  class space    used 15990K, capacity 17674K, committed 17748K, reserved 1048576K
}
Event: 7194.697 GC heap after
{Heap after GC invocations=183 (full 0):
 garbage-first heap   total 189440K, used 109163K [0x0000000080000000, 0x0000000100000000)
  region size 1024K, 6 young (6144K), 6 survivors (6144K)
 Metaspace       used 131505K, capacity 136267K, committed 136480K, reserved 1167360K
  class space    used 15990K, capacity 17674K, committed 17748K, reserved 1048576K
}
Event: 7195.300 GC heap before
{Heap before GC invocations=183 (full 0):
 garbage-first heap   total 189440K, used 112235K [0x0000000080000000, 0x0000000100000000)
  region size 1024K, 9 young (9216K), 6 survivors (6144K)
 Metaspace       used 131529K, capacity 136332K, committed 136480K, reserved 1167360K
  class space    used 15990K, capacity 17674K, committed 17748K, reserved 1048576K
}
Event: 7195.430 GC heap after
{Heap after GC invocations=184 (full 0):
 garbage-first heap   total 189440K, used 105310K [0x0000000080000000, 0x0000000100000000)
  region size 1024K, 1 young (1024K), 1 survivors (1024K)
 Metaspace       used 131529K, capacity 136332K, committed 136480K, reserved 1167360K
  class space    used 15990K, capacity 17674K, committed 17748K, reserved 1048576K
}
Event: 7199.393 GC heap before
{Heap before GC invocations=184 (full 0):
 garbage-first heap   total 189440K, used 121694K [0x0000000080000000, 0x0000000100000000)
  region size 1024K, 18 young (18432K), 1 survivors (1024K)
 Metaspace       used 131617K, capacity 136399K, committed 136480K, reserved 1167360K
  class space    used 15991K, capacity 17675K, committed 17748K, reserved 1048576K
}
Event: 7199.420 GC heap after
{Heap after GC invocations=185 (full 0):
 garbage-first heap   total 189440K, used 105231K [0x0000000080000000, 0x0000000100000000)
  region size 1024K, 1 young (1024K), 1 survivors (1024K)
 Metaspace       used 131617K, capacity 136399K, committed 136480K, reserved 1167360K
  class space    used 15991K, capacity 17675K, committed 17748K, reserved 1048576K
}

