# JRE version: Java(TM) SE Runtime Environment (15.0.1+9) (build 15.0.1+9-18)
# Java VM: Java HotSpot(TM) 64-Bit Server VM (15.0.1+9-18, mixed mode, sharing, tiered, compressed oops, g1 gc, windows-amd64)
GC Precious Log:
 CPUs: 4 total, 4 available
 Memory: 8072M
 Large Page Support: Disabled
 NUMA Support: Disabled
 Compressed Oops: Enabled (32-bit)
 Heap Region Size: 1M
 Heap Min Capacity: 8M
 Heap Initial Capacity: 128M
 Heap Max Capacity: 2G
 Pre-touch: Disabled
 Parallel Workers: 4
 Concurrent Workers: 1
 Concurrent Refinement Workers: 4
 Periodic GC: Disabled
Heap:
 garbage-first heap   total 683008K, used 256315K [0x0000000080000000, 0x0000000100000000)
  region size 1024K, 13 young (13312K), 13 survivors (13312K)
 Metaspace       used 93654K, capacity 94946K, committed 95132K, reserved 1132544K
  class space    used 12363K, capacity 12714K, committed 12780K, reserved 1048576K
GC Heap History (20 events):
Event: 19.161 GC heap after
{Heap after GC invocations=37 (full 0):
 garbage-first heap   total 175104K, used 90619K [0x0000000080000000, 0x0000000100000000)
  region size 1024K, 7 young (7168K), 7 survivors (7168K)
 Metaspace       used 82178K, capacity 83376K, committed 83612K, reserved 1122304K
  class space    used 10776K, capacity 11151K, committed 11244K, reserved 1048576K
}
Event: 19.816 GC heap before
{Heap before GC invocations=38 (full 0):
 garbage-first heap   total 175104K, used 118267K [0x0000000080000000, 0x0000000100000000)
  region size 1024K, 35 young (35840K), 7 survivors (7168K)
 Metaspace       used 83372K, capacity 84641K, committed 84764K, reserved 1122304K
  class space    used 10907K, capacity 11287K, committed 11372K, reserved 1048576K
}
Event: 19.832 GC heap after
{Heap after GC invocations=39 (full 0):
 garbage-first heap   total 210944K, used 92987K [0x0000000080000000, 0x0000000100000000)
  region size 1024K, 5 young (5120K), 5 survivors (5120K)
 Metaspace       used 83372K, capacity 84641K, committed 84764K, reserved 1122304K
  class space    used 10907K, capacity 11287K, committed 11372K, reserved 1048576K
}
Event: 20.266 GC heap before
{Heap before GC invocations=40 (full 0):
 garbage-first heap   total 210944K, used 129851K [0x0000000080000000, 0x0000000100000000)
  region size 1024K, 28 young (28672K), 5 survivors (5120K)
 Metaspace       used 86613K, capacity 87838K, committed 87964K, reserved 1126400K
  class space    used 11339K, capacity 11710K, committed 11756K, reserved 1048576K
}
Event: 20.278 GC heap after
{Heap after GC invocations=41 (full 0):
 garbage-first heap   total 210944K, used 116479K [0x0000000080000000, 0x0000000100000000)
  region size 1024K, 11 young (11264K), 11 survivors (11264K)
 Metaspace       used 86613K, capacity 87838K, committed 87964K, reserved 1126400K
  class space    used 11339K, capacity 11710K, committed 11756K, reserved 1048576K
}
Event: 20.686 GC heap before
{Heap before GC invocations=42 (full 0):
 garbage-first heap   total 309248K, used 198399K [0x0000000080000000, 0x0000000100000000)
  region size 1024K, 53 young (54272K), 11 survivors (11264K)
 Metaspace       used 86916K, capacity 88193K, committed 88220K, reserved 1126400K
  class space    used 11370K, capacity 11743K, committed 11756K, reserved 1048576K
}
Event: 20.708 GC heap after
{Heap after GC invocations=43 (full 0):
 garbage-first heap   total 309248K, used 147955K [0x0000000080000000, 0x0000000100000000)
  region size 1024K, 7 young (7168K), 7 survivors (7168K)
 Metaspace       used 86916K, capacity 88193K, committed 88220K, reserved 1126400K
  class space    used 11370K, capacity 11743K, committed 11756K, reserved 1048576K
}
Event: 20.794 GC heap before
{Heap before GC invocations=43 (full 0):
 garbage-first heap   total 309248K, used 161267K [0x0000000080000000, 0x0000000100000000)
  region size 1024K, 21 young (21504K), 7 survivors (7168K)
 Metaspace       used 86918K, capacity 88257K, committed 88476K, reserved 1126400K
  class space    used 11370K, capacity 11743K, committed 11756K, reserved 1048576K
}
Event: 20.813 GC heap after
{Heap after GC invocations=44 (full 0):
 garbage-first heap   total 309248K, used 154278K [0x0000000080000000, 0x0000000100000000)
  region size 1024K, 6 young (6144K), 6 survivors (6144K)
 Metaspace       used 86918K, capacity 88257K, committed 88476K, reserved 1126400K
  class space    used 11370K, capacity 11743K, committed 11756K, reserved 1048576K
}
Event: 21.591 GC heap before
{Heap before GC invocations=45 (full 0):
 garbage-first heap   total 311296K, used 224934K [0x0000000080000000, 0x0000000100000000)
  region size 1024K, 74 young (75776K), 6 survivors (6144K)
 Metaspace       used 89165K, capacity 90404K, committed 90524K, reserved 1128448K
  class space    used 11806K, capacity 12160K, committed 12268K, reserved 1048576K
}
Event: 21.644 GC heap after
{Heap after GC invocations=46 (full 0):
 garbage-first heap   total 311296K, used 183980K [0x0000000080000000, 0x0000000100000000)
  region size 1024K, 10 young (10240K), 10 survivors (10240K)
 Metaspace       used 89165K, capacity 90404K, committed 90524K, reserved 1128448K
  class space    used 11806K, capacity 12160K, committed 12268K, reserved 1048576K
}
Event: 21.921 GC heap before
{Heap before GC invocations=46 (full 0):
 garbage-first heap   total 311296K, used 234156K [0x0000000080000000, 0x0000000100000000)
  region size 1024K, 60 young (61440K), 10 survivors (10240K)
 Metaspace       used 89218K, capacity 90468K, committed 90780K, reserved 1128448K
  class space    used 11806K, capacity 12160K, committed 12268K, reserved 1048576K
}
Event: 21.989 GC heap after
{Heap after GC invocations=47 (full 0):
 garbage-first heap   total 386048K, used 209723K [0x0000000080000000, 0x0000000100000000)
  region size 1024K, 8 young (8192K), 8 survivors (8192K)
 Metaspace       used 89218K, capacity 90468K, committed 90780K, reserved 1128448K
  class space    used 11806K, capacity 12160K, committed 12268K, reserved 1048576K
}
Event: 23.324 GC heap before
{Heap before GC invocations=48 (full 0):
 garbage-first heap   total 435200K, used 278331K [0x0000000080000000, 0x0000000100000000)
  region size 1024K, 76 young (77824K), 8 survivors (8192K)
 Metaspace       used 90258K, capacity 91527K, committed 91676K, reserved 1128448K
  class space    used 11950K, capacity 12321K, committed 12396K, reserved 1048576K
}
Event: 23.384 GC heap after
{Heap after GC invocations=49 (full 0):
 garbage-first heap   total 435200K, used 242491K [0x0000000080000000, 0x0000000100000000)
  region size 1024K, 10 young (10240K), 10 survivors (10240K)
 Metaspace       used 90258K, capacity 91527K, committed 91676K, reserved 1128448K
  class space    used 11950K, capacity 12321K, committed 12396K, reserved 1048576K
}
Event: 24.457 GC heap before
{Heap before GC invocations=49 (full 0):
 garbage-first heap   total 435200K, used 314171K [0x0000000080000000, 0x0000000100000000)
  region size 1024K, 81 young (82944K), 10 survivors (10240K)
 Metaspace       used 92122K, capacity 93378K, committed 93724K, reserved 1130496K
  class space    used 12197K, capacity 12554K, committed 12652K, reserved 1048576K
}
Event: 24.507 GC heap after
{Heap after GC invocations=50 (full 0):
 garbage-first heap   total 435200K, used 254242K [0x0000000080000000, 0x0000000100000000)
  region size 1024K, 11 young (11264K), 11 survivors (11264K)
 Metaspace       used 92122K, capacity 93378K, committed 93724K, reserved 1130496K
  class space    used 12197K, capacity 12554K, committed 12652K, reserved 1048576K
}
Event: 25.536 GC heap before
{Heap before GC invocations=51 (full 0):
 garbage-first heap   total 465920K, used 291106K [0x0000000080000000, 0x0000000100000000)
  region size 1024K, 67 young (68608K), 11 survivors (11264K)
 Metaspace       used 92693K, capacity 93954K, committed 94236K, reserved 1130496K
  class space    used 12261K, capacity 12618K, committed 12652K, reserved 1048576K
}
Event: 25.581 GC heap after
{Heap after GC invocations=52 (full 0):
 garbage-first heap   total 465920K, used 240400K [0x0000000080000000, 0x0000000100000000)
  region size 1024K, 7 young (7168K), 7 survivors (7168K)
 Metaspace       used 92693K, capacity 93954K, committed 94236K, reserved 1130496K
  class space    used 12261K, capacity 12618K, committed 12652K, reserved 1048576K
}
Event: 26.837 GC heap before
{Heap before GC invocations=53 (full 0):
 garbage-first heap   total 465920K, used 326416K [0x0000000080000000, 0x0000000100000000)
  region size 1024K, 80 young (81920K), 7 survivors (7168K)
 Metaspace       used 93654K, capacity 94946K, committed 95132K, reserved 1132544K
  class space    used 12363K, capacity 12714K, committed 12780K, reserved 1048576K
}

