# JRE version: OpenJDK Runtime Environment (11.0.11+9) (build 11.0.11+9-b60-7590822)
# Java VM: OpenJDK 64-Bit Server VM (11.0.11+9-b60-7590822, mixed mode, tiered, compressed oops, g1 gc, windows-amd64)
Heap:
 garbage-first heap   total 686080K, used 191411K [0x0000000080000000, 0x0000000100000000)
  region size 1024K, 8 young (8192K), 8 survivors (8192K)
 Metaspace       used 122082K, capacity 125090K, committed 125212K, reserved 1159168K
  class space    used 15338K, capacity 16489K, committed 16512K, reserved 1048576K
GC Heap History (20 events):
Event: 71.883 GC heap after
{Heap after GC invocations=79 (full 0):
 garbage-first heap   total 381952K, used 164379K [0x0000000080000000, 0x0000000100000000)
  region size 1024K, 10 young (10240K), 10 survivors (10240K)
 Metaspace       used 121844K, capacity 124824K, committed 124956K, reserved 1157120K
  class space    used 15325K, capacity 16468K, committed 16512K, reserved 1048576K
}
Event: 72.676 GC heap before
{Heap before GC invocations=79 (full 0):
 garbage-first heap   total 381952K, used 327195K [0x0000000080000000, 0x0000000100000000)
  region size 1024K, 169 young (173056K), 10 survivors (10240K)
 Metaspace       used 121887K, capacity 124837K, committed 124956K, reserved 1157120K
  class space    used 15327K, capacity 16471K, committed 16512K, reserved 1048576K
}
Event: 72.728 GC heap after
{Heap after GC invocations=80 (full 0):
 garbage-first heap   total 508928K, used 172571K [0x0000000080000000, 0x0000000100000000)
  region size 1024K, 18 young (18432K), 18 survivors (18432K)
 Metaspace       used 121887K, capacity 124837K, committed 124956K, reserved 1157120K
  class space    used 15327K, capacity 16471K, committed 16512K, reserved 1048576K
}
Event: 74.708 GC heap before
{Heap before GC invocations=80 (full 0):
 garbage-first heap   total 508928K, used 397851K [0x0000000080000000, 0x0000000100000000)
  region size 1024K, 239 young (244736K), 18 survivors (18432K)
 Metaspace       used 121899K, capacity 124846K, committed 124956K, reserved 1157120K
  class space    used 15329K, capacity 16474K, committed 16512K, reserved 1048576K
}
Event: 74.819 GC heap after
{Heap after GC invocations=81 (full 0):
 garbage-first heap   total 508928K, used 185990K [0x0000000080000000, 0x0000000100000000)
  region size 1024K, 23 young (23552K), 23 survivors (23552K)
 Metaspace       used 121899K, capacity 124846K, committed 124956K, reserved 1157120K
  class space    used 15329K, capacity 16474K, committed 16512K, reserved 1048576K
}
Event: 75.636 GC heap before
{Heap before GC invocations=81 (full 0):
 garbage-first heap   total 508928K, used 405126K [0x0000000080000000, 0x0000000100000000)
  region size 1024K, 237 young (242688K), 23 survivors (23552K)
 Metaspace       used 121913K, capacity 124859K, committed 124956K, reserved 1157120K
  class space    used 15331K, capacity 16479K, committed 16512K, reserved 1048576K
}
Event: 75.730 GC heap after
{Heap after GC invocations=82 (full 0):
 garbage-first heap   total 508928K, used 185344K [0x0000000080000000, 0x0000000100000000)
  region size 1024K, 2 young (2048K), 2 survivors (2048K)
 Metaspace       used 121913K, capacity 124859K, committed 124956K, reserved 1157120K
  class space    used 15331K, capacity 16479K, committed 16512K, reserved 1048576K
}
Event: 76.776 GC heap before
{Heap before GC invocations=82 (full 0):
 garbage-first heap   total 508928K, used 413696K [0x0000000080000000, 0x0000000100000000)
  region size 1024K, 225 young (230400K), 2 survivors (2048K)
 Metaspace       used 121926K, capacity 124925K, committed 125212K, reserved 1159168K
  class space    used 15332K, capacity 16480K, committed 16512K, reserved 1048576K
}
Event: 76.801 GC heap after
{Heap after GC invocations=83 (full 0):
 garbage-first heap   total 508928K, used 185935K [0x0000000080000000, 0x0000000100000000)
  region size 1024K, 3 young (3072K), 3 survivors (3072K)
 Metaspace       used 121926K, capacity 124925K, committed 125212K, reserved 1159168K
  class space    used 15332K, capacity 16480K, committed 16512K, reserved 1048576K
}
Event: 77.662 GC heap before
{Heap before GC invocations=83 (full 0):
 garbage-first heap   total 508928K, used 417359K [0x0000000080000000, 0x0000000100000000)
  region size 1024K, 229 young (234496K), 3 survivors (3072K)
 Metaspace       used 121952K, capacity 124926K, committed 125212K, reserved 1159168K
  class space    used 15332K, capacity 16480K, committed 16512K, reserved 1048576K
}
Event: 77.696 GC heap after
{Heap after GC invocations=84 (full 0):
 garbage-first heap   total 508928K, used 188736K [0x0000000080000000, 0x0000000100000000)
  region size 1024K, 6 young (6144K), 6 survivors (6144K)
 Metaspace       used 121952K, capacity 124926K, committed 125212K, reserved 1159168K
  class space    used 15332K, capacity 16480K, committed 16512K, reserved 1048576K
}
Event: 78.756 GC heap before
{Heap before GC invocations=84 (full 0):
 garbage-first heap   total 508928K, used 427328K [0x0000000080000000, 0x0000000100000000)
  region size 1024K, 236 young (241664K), 6 survivors (6144K)
 Metaspace       used 121982K, capacity 124941K, committed 125212K, reserved 1159168K
  class space    used 15335K, capacity 16485K, committed 16512K, reserved 1048576K
}
Event: 78.784 GC heap after
{Heap after GC invocations=85 (full 0):
 garbage-first heap   total 508928K, used 188191K [0x0000000080000000, 0x0000000100000000)
  region size 1024K, 4 young (4096K), 4 survivors (4096K)
 Metaspace       used 121982K, capacity 124941K, committed 125212K, reserved 1159168K
  class space    used 15335K, capacity 16485K, committed 16512K, reserved 1048576K
}
Event: 79.906 GC heap before
{Heap before GC invocations=85 (full 0):
 garbage-first heap   total 508928K, used 435999K [0x0000000080000000, 0x0000000100000000)
  region size 1024K, 246 young (251904K), 4 survivors (4096K)
 Metaspace       used 121988K, capacity 124941K, committed 125212K, reserved 1159168K
  class space    used 15335K, capacity 16485K, committed 16512K, reserved 1048576K
}
Event: 79.944 GC heap after
{Heap after GC invocations=86 (full 0):
 garbage-first heap   total 508928K, used 187939K [0x0000000080000000, 0x0000000100000000)
  region size 1024K, 5 young (5120K), 5 survivors (5120K)
 Metaspace       used 121988K, capacity 124941K, committed 125212K, reserved 1159168K
  class space    used 15335K, capacity 16485K, committed 16512K, reserved 1048576K
}
Event: 81.006 GC heap before
{Heap before GC invocations=86 (full 0):
 garbage-first heap   total 508928K, used 436771K [0x0000000080000000, 0x0000000100000000)
  region size 1024K, 248 young (253952K), 5 survivors (5120K)
 Metaspace       used 121991K, capacity 124941K, committed 125212K, reserved 1159168K
  class space    used 15335K, capacity 16485K, committed 16512K, reserved 1048576K
}
Event: 81.042 GC heap after
{Heap after GC invocations=87 (full 0):
 garbage-first heap   total 508928K, used 189645K [0x0000000080000000, 0x0000000100000000)
  region size 1024K, 7 young (7168K), 7 survivors (7168K)
 Metaspace       used 121991K, capacity 124941K, committed 125212K, reserved 1159168K
  class space    used 15335K, capacity 16485K, committed 16512K, reserved 1048576K
}
Event: 82.344 GC heap before
{Heap before GC invocations=87 (full 0):
 garbage-first heap   total 508928K, used 440525K [0x0000000080000000, 0x0000000100000000)
  region size 1024K, 251 young (257024K), 7 survivors (7168K)
 Metaspace       used 122032K, capacity 125019K, committed 125212K, reserved 1159168K
  class space    used 15337K, capacity 16489K, committed 16512K, reserved 1048576K
}
Event: 82.402 GC heap after
{Heap after GC invocations=88 (full 0):
 garbage-first heap   total 508928K, used 188212K [0x0000000080000000, 0x0000000100000000)
  region size 1024K, 5 young (5120K), 5 survivors (5120K)
 Metaspace       used 122032K, capacity 125019K, committed 125212K, reserved 1159168K
  class space    used 15337K, capacity 16489K, committed 16512K, reserved 1048576K
}
Event: 85.060 GC heap before
{Heap before GC invocations=88 (full 0):
 garbage-first heap   total 508928K, used 444212K [0x0000000080000000, 0x0000000100000000)
  region size 1024K, 255 young (261120K), 5 survivors (5120K)
 Metaspace       used 122082K, capacity 125090K, committed 125212K, reserved 1159168K
  class space    used 15338K, capacity 16489K, committed 16512K, reserved 1048576K
}

