# JRE version: OpenJDK Runtime Environment (11.0.11+9) (build 11.0.11+9-b60-7590822)
# Java VM: OpenJDK 64-Bit Server VM (11.0.11+9-b60-7590822, mixed mode, tiered, compressed oops, g1 gc, windows-amd64)
Heap:
 garbage-first heap   total 1053696K, used 231340K [0x0000000080000000, 0x0000000100000000)
  region size 1024K, 4 young (4096K), 4 survivors (4096K)
 Metaspace       used 135557K, capacity 139158K, committed 139312K, reserved 1171456K
  class space    used 16961K, capacity 18323K, committed 18380K, reserved 1048576K
GC Heap History (20 events):
Event: 254.348 GC heap after
{Heap after GC invocations=78 (full 0):
 garbage-first heap   total 525312K, used 168516K [0x0000000080000000, 0x0000000100000000)
  region size 1024K, 4 young (4096K), 4 survivors (4096K)
 Metaspace       used 120213K, capacity 123482K, committed 123696K, reserved 1157120K
  class space    used 15045K, capacity 16246K, committed 16332K, reserved 1048576K
}
Event: 255.951 GC heap before
{Heap before GC invocations=78 (full 0):
 garbage-first heap   total 525312K, used 194116K [0x0000000080000000, 0x0000000100000000)
  region size 1024K, 30 young (30720K), 4 survivors (4096K)
 Metaspace       used 122511K, capacity 125787K, committed 125872K, reserved 1159168K
  class space    used 15228K, capacity 16438K, committed 16460K, reserved 1048576K
}
Event: 256.154 GC heap after
{Heap after GC invocations=79 (full 0):
 garbage-first heap   total 525312K, used 172273K [0x0000000080000000, 0x0000000100000000)
  region size 1024K, 4 young (4096K), 4 survivors (4096K)
 Metaspace       used 122511K, capacity 125787K, committed 125872K, reserved 1159168K
  class space    used 15228K, capacity 16438K, committed 16460K, reserved 1048576K
}
Event: 256.508 GC heap before
{Heap before GC invocations=79 (full 0):
 garbage-first heap   total 525312K, used 198897K [0x0000000080000000, 0x0000000100000000)
  region size 1024K, 30 young (30720K), 4 survivors (4096K)
 Metaspace       used 123092K, capacity 126363K, committed 126640K, reserved 1159168K
  class space    used 15249K, capacity 16438K, committed 16460K, reserved 1048576K
}
Event: 256.519 GC heap after
{Heap after GC invocations=80 (full 0):
 garbage-first heap   total 525312K, used 176723K [0x0000000080000000, 0x0000000100000000)
  region size 1024K, 4 young (4096K), 4 survivors (4096K)
 Metaspace       used 123092K, capacity 126363K, committed 126640K, reserved 1159168K
  class space    used 15249K, capacity 16438K, committed 16460K, reserved 1048576K
}
Event: 257.926 GC heap before
{Heap before GC invocations=80 (full 0):
 garbage-first heap   total 525312K, used 208467K [0x0000000080000000, 0x0000000100000000)
  region size 1024K, 35 young (35840K), 4 survivors (4096K)
 Metaspace       used 123693K, capacity 126939K, committed 127280K, reserved 1161216K
  class space    used 15292K, capacity 16502K, committed 16588K, reserved 1048576K
}
Event: 257.976 GC heap after
{Heap after GC invocations=81 (full 0):
 garbage-first heap   total 525312K, used 174674K [0x0000000080000000, 0x0000000100000000)
  region size 1024K, 1 young (1024K), 1 survivors (1024K)
 Metaspace       used 123693K, capacity 126939K, committed 127280K, reserved 1161216K
  class space    used 15292K, capacity 16502K, committed 16588K, reserved 1048576K
}
Event: 261.714 GC heap before
{Heap before GC invocations=81 (full 0):
 garbage-first heap   total 525312K, used 218706K [0x0000000080000000, 0x0000000100000000)
  region size 1024K, 45 young (46080K), 1 survivors (1024K)
 Metaspace       used 124810K, capacity 128038K, committed 128176K, reserved 1161216K
  class space    used 15399K, capacity 16604K, committed 16716K, reserved 1048576K
}
Event: 261.727 GC heap after
{Heap after GC invocations=82 (full 0):
 garbage-first heap   total 525312K, used 178336K [0x0000000080000000, 0x0000000100000000)
  region size 1024K, 5 young (5120K), 5 survivors (5120K)
 Metaspace       used 124810K, capacity 128038K, committed 128176K, reserved 1161216K
  class space    used 15399K, capacity 16604K, committed 16716K, reserved 1048576K
}
Event: 264.887 GC heap before
{Heap before GC invocations=82 (full 0):
 garbage-first heap   total 525312K, used 233632K [0x0000000080000000, 0x0000000100000000)
  region size 1024K, 60 young (61440K), 5 survivors (5120K)
 Metaspace       used 128393K, capacity 131706K, committed 131888K, reserved 1165312K
  class space    used 15850K, capacity 17077K, committed 17100K, reserved 1048576K
}
Event: 264.960 GC heap after
{Heap after GC invocations=83 (full 0):
 garbage-first heap   total 525312K, used 179000K [0x0000000080000000, 0x0000000100000000)
  region size 1024K, 3 young (3072K), 3 survivors (3072K)
 Metaspace       used 128393K, capacity 131706K, committed 131888K, reserved 1165312K
  class space    used 15850K, capacity 17077K, committed 17100K, reserved 1048576K
}
Event: 268.052 GC heap before
{Heap before GC invocations=83 (full 0):
 garbage-first heap   total 525312K, used 246584K [0x0000000080000000, 0x0000000100000000)
  region size 1024K, 70 young (71680K), 3 survivors (3072K)
 Metaspace       used 130732K, capacity 134011K, committed 134320K, reserved 1167360K
  class space    used 16120K, capacity 17371K, committed 17484K, reserved 1048576K
}
Event: 268.127 GC heap after
{Heap after GC invocations=84 (full 0):
 garbage-first heap   total 525312K, used 184000K [0x0000000080000000, 0x0000000100000000)
  region size 1024K, 8 young (8192K), 8 survivors (8192K)
 Metaspace       used 130732K, capacity 134011K, committed 134320K, reserved 1167360K
  class space    used 16120K, capacity 17371K, committed 17484K, reserved 1048576K
}
Event: 271.840 GC heap before
{Heap before GC invocations=84 (full 0):
 garbage-first heap   total 525312K, used 288448K [0x0000000080000000, 0x0000000100000000)
  region size 1024K, 94 young (96256K), 8 survivors (8192K)
 Metaspace       used 132518K, capacity 135939K, committed 136112K, reserved 1167360K
  class space    used 16374K, capacity 17641K, committed 17740K, reserved 1048576K
}
Event: 272.066 GC heap after
{Heap after GC invocations=85 (full 0):
 garbage-first heap   total 525312K, used 202315K [0x0000000080000000, 0x0000000100000000)
  region size 1024K, 12 young (12288K), 12 survivors (12288K)
 Metaspace       used 132518K, capacity 135939K, committed 136112K, reserved 1167360K
  class space    used 16374K, capacity 17641K, committed 17740K, reserved 1048576K
}
Event: 274.461 GC heap before
{Heap before GC invocations=85 (full 0):
 garbage-first heap   total 525312K, used 245323K [0x0000000080000000, 0x0000000100000000)
  region size 1024K, 55 young (56320K), 12 survivors (12288K)
 Metaspace       used 134062K, capacity 137559K, committed 137648K, reserved 1169408K
  class space    used 16643K, capacity 17954K, committed 17996K, reserved 1048576K
}
Event: 275.691 GC heap after
{Heap after GC invocations=86 (full 0):
 garbage-first heap   total 525312K, used 212735K [0x0000000080000000, 0x0000000100000000)
  region size 1024K, 7 young (7168K), 7 survivors (7168K)
 Metaspace       used 134062K, capacity 137559K, committed 137648K, reserved 1169408K
  class space    used 16643K, capacity 17954K, committed 17996K, reserved 1048576K
}
Event: 276.685 GC heap before
{Heap before GC invocations=86 (full 0):
 garbage-first heap   total 525312K, used 231167K [0x0000000080000000, 0x0000000100000000)
  region size 1024K, 25 young (25600K), 7 survivors (7168K)
 Metaspace       used 135495K, capacity 139090K, committed 139312K, reserved 1171456K
  class space    used 16961K, capacity 18323K, committed 18380K, reserved 1048576K
}
Event: 277.748 GC heap after
{Heap after GC invocations=87 (full 0):
 garbage-first heap   total 525312K, used 220023K [0x0000000080000000, 0x0000000100000000)
  region size 1024K, 4 young (4096K), 4 survivors (4096K)
 Metaspace       used 135495K, capacity 139090K, committed 139312K, reserved 1171456K
  class space    used 16961K, capacity 18323K, committed 18380K, reserved 1048576K
}
Event: 277.958 GC heap before
{Heap before GC invocations=87 (full 0):
 garbage-first heap   total 525312K, used 240503K [0x0000000080000000, 0x0000000100000000)
  region size 1024K, 25 young (25600K), 4 survivors (4096K)
 Metaspace       used 135557K, capacity 139158K, committed 139312K, reserved 1171456K
  class space    used 16961K, capacity 18323K, committed 18380K, reserved 1048576K
}

