# JRE version: OpenJDK Runtime Environment (11.0.11+9) (build 11.0.11+9-b60-7590822)
# Java VM: OpenJDK 64-Bit Server VM (11.0.11+9-b60-7590822, mixed mode, tiered, compressed oops, g1 gc, windows-amd64)
Heap:
 garbage-first heap   total 896000K, used 259403K [0x0000000080000000, 0x0000000100000000)
  region size 1024K, 4 young (4096K), 4 survivors (4096K)
 Metaspace       used 135957K, capacity 139595K, committed 139724K, reserved 1171456K
  class space    used 16682K, capacity 18083K, committed 18124K, reserved 1048576K
GC Heap History (20 events):
Event: 256.120 GC heap after
{Heap after GC invocations=71 (full 0):
 garbage-first heap   total 541696K, used 220693K [0x0000000080000000, 0x0000000100000000)
  region size 1024K, 21 young (21504K), 21 survivors (21504K)
 Metaspace       used 135609K, capacity 139209K, committed 139468K, reserved 1171456K
  class space    used 16671K, capacity 18073K, committed 18124K, reserved 1048576K
}
Event: 258.678 GC heap before
{Heap before GC invocations=71 (full 0):
 garbage-first heap   total 541696K, used 453141K [0x0000000080000000, 0x0000000100000000)
  region size 1024K, 247 young (252928K), 21 survivors (21504K)
 Metaspace       used 135654K, capacity 139278K, committed 139468K, reserved 1171456K
  class space    used 16671K, capacity 18074K, committed 18124K, reserved 1048576K
}
Event: 258.727 GC heap after
{Heap after GC invocations=72 (full 0):
 garbage-first heap   total 541696K, used 216834K [0x0000000080000000, 0x0000000100000000)
  region size 1024K, 13 young (13312K), 13 survivors (13312K)
 Metaspace       used 135654K, capacity 139278K, committed 139468K, reserved 1171456K
  class space    used 16671K, capacity 18074K, committed 18124K, reserved 1048576K
}
Event: 261.269 GC heap before
{Heap before GC invocations=72 (full 0):
 garbage-first heap   total 541696K, used 454402K [0x0000000080000000, 0x0000000100000000)
  region size 1024K, 245 young (250880K), 13 survivors (13312K)
 Metaspace       used 135664K, capacity 139278K, committed 139468K, reserved 1171456K
  class space    used 16671K, capacity 18074K, committed 18124K, reserved 1048576K
}
Event: 261.314 GC heap after
{Heap after GC invocations=73 (full 0):
 garbage-first heap   total 541696K, used 216322K [0x0000000080000000, 0x0000000100000000)
  region size 1024K, 12 young (12288K), 12 survivors (12288K)
 Metaspace       used 135664K, capacity 139278K, committed 139468K, reserved 1171456K
  class space    used 16671K, capacity 18074K, committed 18124K, reserved 1048576K
}
Event: 263.727 GC heap before
{Heap before GC invocations=73 (full 0):
 garbage-first heap   total 541696K, used 456962K [0x0000000080000000, 0x0000000100000000)
  region size 1024K, 247 young (252928K), 12 survivors (12288K)
 Metaspace       used 135693K, capacity 139281K, committed 139468K, reserved 1171456K
  class space    used 16672K, capacity 18075K, committed 18124K, reserved 1048576K
}
Event: 263.762 GC heap after
{Heap after GC invocations=74 (full 0):
 garbage-first heap   total 541696K, used 214274K [0x0000000080000000, 0x0000000100000000)
  region size 1024K, 10 young (10240K), 10 survivors (10240K)
 Metaspace       used 135693K, capacity 139281K, committed 139468K, reserved 1171456K
  class space    used 16672K, capacity 18075K, committed 18124K, reserved 1048576K
}
Event: 266.435 GC heap before
{Heap before GC invocations=74 (full 0):
 garbage-first heap   total 541696K, used 457986K [0x0000000080000000, 0x0000000100000000)
  region size 1024K, 247 young (252928K), 10 survivors (10240K)
 Metaspace       used 135768K, capacity 139374K, committed 139468K, reserved 1171456K
  class space    used 16675K, capacity 18078K, committed 18124K, reserved 1048576K
}
Event: 266.452 GC heap after
{Heap after GC invocations=75 (full 0):
 garbage-first heap   total 541696K, used 210675K [0x0000000080000000, 0x0000000100000000)
  region size 1024K, 7 young (7168K), 7 survivors (7168K)
 Metaspace       used 135768K, capacity 139374K, committed 139468K, reserved 1171456K
  class space    used 16675K, capacity 18078K, committed 18124K, reserved 1048576K
}
Event: 269.899 GC heap before
{Heap before GC invocations=75 (full 0):
 garbage-first heap   total 541696K, used 476915K [0x0000000080000000, 0x0000000100000000)
  region size 1024K, 253 young (259072K), 7 survivors (7168K)
 Metaspace       used 135851K, capacity 139459K, committed 139724K, reserved 1171456K
  class space    used 16682K, capacity 18083K, committed 18124K, reserved 1048576K
}
Event: 270.039 GC heap after
{Heap after GC invocations=76 (full 0):
 garbage-first heap   total 541696K, used 238829K [0x0000000080000000, 0x0000000100000000)
  region size 1024K, 24 young (24576K), 24 survivors (24576K)
 Metaspace       used 135851K, capacity 139459K, committed 139724K, reserved 1171456K
  class space    used 16682K, capacity 18083K, committed 18124K, reserved 1048576K
}
Event: 284.222 GC heap before
{Heap before GC invocations=76 (full 0):
 garbage-first heap   total 541696K, used 462061K [0x0000000080000000, 0x0000000100000000)
  region size 1024K, 230 young (235520K), 24 survivors (24576K)
 Metaspace       used 135912K, capacity 139530K, committed 139724K, reserved 1171456K
  class space    used 16682K, capacity 18083K, committed 18124K, reserved 1048576K
}
Event: 285.694 GC heap after
{Heap after GC invocations=77 (full 0):
 garbage-first heap   total 541696K, used 250283K [0x0000000080000000, 0x0000000100000000)
  region size 1024K, 29 young (29696K), 29 survivors (29696K)
 Metaspace       used 135912K, capacity 139530K, committed 139724K, reserved 1171456K
  class space    used 16682K, capacity 18083K, committed 18124K, reserved 1048576K
}
Event: 285.727 GC heap before
{Heap before GC invocations=77 (full 0):
 garbage-first heap   total 541696K, used 251307K [0x0000000080000000, 0x0000000100000000)
  region size 1024K, 30 young (30720K), 29 survivors (29696K)
 Metaspace       used 135913K, capacity 139530K, committed 139724K, reserved 1171456K
  class space    used 16682K, capacity 18083K, committed 18124K, reserved 1048576K
}
Event: 285.884 GC heap after
{Heap after GC invocations=78 (full 0):
 garbage-first heap   total 541696K, used 251848K [0x0000000080000000, 0x0000000100000000)
  region size 1024K, 2 young (2048K), 2 survivors (2048K)
 Metaspace       used 135913K, capacity 139530K, committed 139724K, reserved 1171456K
  class space    used 16682K, capacity 18083K, committed 18124K, reserved 1048576K
}
Event: 286.414 GC heap before
{Heap before GC invocations=78 (full 0):
 garbage-first heap   total 541696K, used 275400K [0x0000000080000000, 0x0000000100000000)
  region size 1024K, 26 young (26624K), 2 survivors (2048K)
 Metaspace       used 135934K, capacity 139530K, committed 139724K, reserved 1171456K
  class space    used 16682K, capacity 18083K, committed 18124K, reserved 1048576K
}
Event: 286.425 GC heap after
{Heap after GC invocations=79 (full 0):
 garbage-first heap   total 541696K, used 253896K [0x0000000080000000, 0x0000000100000000)
  region size 1024K, 4 young (4096K), 4 survivors (4096K)
 Metaspace       used 135934K, capacity 139530K, committed 139724K, reserved 1171456K
  class space    used 16682K, capacity 18083K, committed 18124K, reserved 1048576K
}
Event: 287.066 GC heap before
{Heap before GC invocations=79 (full 0):
 garbage-first heap   total 541696K, used 257992K [0x0000000080000000, 0x0000000100000000)
  region size 1024K, 10 young (10240K), 4 survivors (4096K)
 Metaspace       used 135951K, capacity 139595K, committed 139724K, reserved 1171456K
  class space    used 16682K, capacity 18083K, committed 18124K, reserved 1048576K
}
Event: 287.767 GC heap after
{Heap after GC invocations=80 (full 0):
 garbage-first heap   total 541696K, used 253809K [0x0000000080000000, 0x0000000100000000)
  region size 1024K, 1 young (1024K), 1 survivors (1024K)
 Metaspace       used 135951K, capacity 139595K, committed 139724K, reserved 1171456K
  class space    used 16682K, capacity 18083K, committed 18124K, reserved 1048576K
}
Event: 288.282 GC heap before
{Heap before GC invocations=80 (full 0):
 garbage-first heap   total 541696K, used 280433K [0x0000000080000000, 0x0000000100000000)
  region size 1024K, 26 young (26624K), 1 survivors (1024K)
 Metaspace       used 135957K, capacity 139595K, committed 139724K, reserved 1171456K
  class space    used 16682K, capacity 18083K, committed 18124K, reserved 1048576K
}

