# JRE version: OpenJDK Runtime Environment (11.0.11+9) (build 11.0.11+9-b60-7590822)
# Java VM: OpenJDK 64-Bit Server VM (11.0.11+9-b60-7590822, mixed mode, tiered, compressed oops, g1 gc, windows-amd64)
Heap:
 garbage-first heap   total 1028096K, used 107234K [0x0000000080000000, 0x0000000100000000)
  region size 1024K, 2 young (2048K), 2 survivors (2048K)
 Metaspace       used 113920K, capacity 117178K, committed 117452K, reserved 1150976K
  class space    used 14735K, capacity 15989K, committed 16076K, reserved 1048576K
GC Heap History (20 events):
Event: 1096.237 GC heap after
{Heap after GC invocations=46 (full 0):
 garbage-first heap   total 242688K, used 94948K [0x0000000080000000, 0x0000000100000000)
  region size 1024K, 2 young (2048K), 2 survivors (2048K)
 Metaspace       used 96421K, capacity 98753K, committed 98892K, reserved 1134592K
  class space    used 12141K, capacity 13012K, committed 13132K, reserved 1048576K
}
Event: 1097.591 GC heap before
{Heap before GC invocations=46 (full 0):
 garbage-first heap   total 242688K, used 103140K [0x0000000080000000, 0x0000000100000000)
  region size 1024K, 11 young (11264K), 2 survivors (2048K)
 Metaspace       used 96695K, capacity 99015K, committed 99148K, reserved 1134592K
  class space    used 12172K, capacity 13056K, committed 13132K, reserved 1048576K
}
Event: 1097.632 GC heap after
{Heap after GC invocations=47 (full 0):
 garbage-first heap   total 242688K, used 96613K [0x0000000080000000, 0x0000000100000000)
  region size 1024K, 2 young (2048K), 2 survivors (2048K)
 Metaspace       used 96695K, capacity 99015K, committed 99148K, reserved 1134592K
  class space    used 12172K, capacity 13056K, committed 13132K, reserved 1048576K
}
Event: 1097.921 GC heap before
{Heap before GC invocations=47 (full 0):
 garbage-first heap   total 242688K, used 107877K [0x0000000080000000, 0x0000000100000000)
  region size 1024K, 13 young (13312K), 2 survivors (2048K)
 Metaspace       used 97047K, capacity 99388K, committed 99660K, reserved 1136640K
  class space    used 12199K, capacity 13073K, committed 13132K, reserved 1048576K
}
Event: 1097.974 GC heap after
{Heap after GC invocations=48 (full 0):
 garbage-first heap   total 242688K, used 99692K [0x0000000080000000, 0x0000000100000000)
  region size 1024K, 2 young (2048K), 2 survivors (2048K)
 Metaspace       used 97047K, capacity 99388K, committed 99660K, reserved 1136640K
  class space    used 12199K, capacity 13073K, committed 13132K, reserved 1048576K
}
Event: 1098.449 GC heap before
{Heap before GC invocations=48 (full 0):
 garbage-first heap   total 242688K, used 111980K [0x0000000080000000, 0x0000000100000000)
  region size 1024K, 15 young (15360K), 2 survivors (2048K)
 Metaspace       used 98722K, capacity 101113K, committed 101196K, reserved 1136640K
  class space    used 12388K, capacity 13305K, committed 13388K, reserved 1048576K
}
Event: 1098.556 GC heap after
{Heap after GC invocations=49 (full 0):
 garbage-first heap   total 242688K, used 101938K [0x0000000080000000, 0x0000000100000000)
  region size 1024K, 2 young (2048K), 2 survivors (2048K)
 Metaspace       used 98722K, capacity 101113K, committed 101196K, reserved 1136640K
  class space    used 12388K, capacity 13305K, committed 13388K, reserved 1048576K
}
Event: 1100.147 GC heap before
{Heap before GC invocations=49 (full 0):
 garbage-first heap   total 242688K, used 116274K [0x0000000080000000, 0x0000000100000000)
  region size 1024K, 16 young (16384K), 2 survivors (2048K)
 Metaspace       used 99313K, capacity 101871K, committed 102092K, reserved 1138688K
  class space    used 12450K, capacity 13402K, committed 13516K, reserved 1048576K
}
Event: 1100.521 GC heap after
{Heap after GC invocations=50 (full 0):
 garbage-first heap   total 392192K, used 103539K [0x0000000080000000, 0x0000000100000000)
  region size 1024K, 2 young (2048K), 2 survivors (2048K)
 Metaspace       used 99313K, capacity 101871K, committed 102092K, reserved 1138688K
  class space    used 12450K, capacity 13402K, committed 13516K, reserved 1048576K
}
Event: 1102.763 GC heap before
{Heap before GC invocations=50 (full 0):
 garbage-first heap   total 392192K, used 119923K [0x0000000080000000, 0x0000000100000000)
  region size 1024K, 19 young (19456K), 2 survivors (2048K)
 Metaspace       used 102673K, capacity 105274K, committed 105420K, reserved 1140736K
  class space    used 12934K, capacity 13917K, committed 14028K, reserved 1048576K
}
Event: 1102.776 GC heap after
{Heap after GC invocations=51 (full 0):
 garbage-first heap   total 392192K, used 104633K [0x0000000080000000, 0x0000000100000000)
  region size 1024K, 3 young (3072K), 3 survivors (3072K)
 Metaspace       used 102673K, capacity 105274K, committed 105420K, reserved 1140736K
  class space    used 12934K, capacity 13917K, committed 14028K, reserved 1048576K
}
Event: 1103.776 GC heap before
{Heap before GC invocations=51 (full 0):
 garbage-first heap   total 392192K, used 119993K [0x0000000080000000, 0x0000000100000000)
  region size 1024K, 19 young (19456K), 3 survivors (3072K)
 Metaspace       used 106909K, capacity 109799K, committed 110028K, reserved 1144832K
  class space    used 13645K, capacity 14741K, committed 14796K, reserved 1048576K
}
Event: 1104.160 GC heap after
{Heap after GC invocations=52 (full 0):
 garbage-first heap   total 392192K, used 105680K [0x0000000080000000, 0x0000000100000000)
  region size 1024K, 3 young (3072K), 3 survivors (3072K)
 Metaspace       used 106909K, capacity 109799K, committed 110028K, reserved 1144832K
  class space    used 13645K, capacity 14741K, committed 14796K, reserved 1048576K
}
Event: 1104.879 GC heap before
{Heap before GC invocations=52 (full 0):
 garbage-first heap   total 392192K, used 121040K [0x0000000080000000, 0x0000000100000000)
  region size 1024K, 19 young (19456K), 3 survivors (3072K)
 Metaspace       used 109152K, capacity 112122K, committed 112204K, reserved 1146880K
  class space    used 13995K, capacity 15151K, committed 15180K, reserved 1048576K
}
Event: 1105.318 GC heap after
{Heap after GC invocations=53 (full 0):
 garbage-first heap   total 392192K, used 106266K [0x0000000080000000, 0x0000000100000000)
  region size 1024K, 2 young (2048K), 2 survivors (2048K)
 Metaspace       used 109152K, capacity 112122K, committed 112204K, reserved 1146880K
  class space    used 13995K, capacity 15151K, committed 15180K, reserved 1048576K
}
Event: 1105.711 GC heap before
{Heap before GC invocations=53 (full 0):
 garbage-first heap   total 392192K, used 122650K [0x0000000080000000, 0x0000000100000000)
  region size 1024K, 19 young (19456K), 2 survivors (2048K)
 Metaspace       used 111065K, capacity 114271K, committed 114380K, reserved 1148928K
  class space    used 14300K, capacity 15529K, committed 15564K, reserved 1048576K
}
Event: 1105.718 GC heap after
{Heap after GC invocations=54 (full 0):
 garbage-first heap   total 392192K, used 106927K [0x0000000080000000, 0x0000000100000000)
  region size 1024K, 3 young (3072K), 3 survivors (3072K)
 Metaspace       used 111065K, capacity 114271K, committed 114380K, reserved 1148928K
  class space    used 14300K, capacity 15529K, committed 15564K, reserved 1048576K
}
Event: 1107.222 GC heap before
{Heap before GC invocations=54 (full 0):
 garbage-first heap   total 392192K, used 123311K [0x0000000080000000, 0x0000000100000000)
  region size 1024K, 19 young (19456K), 3 survivors (3072K)
 Metaspace       used 112765K, capacity 115994K, committed 116300K, reserved 1148928K
  class space    used 14567K, capacity 15829K, committed 15948K, reserved 1048576K
}
Event: 1107.283 GC heap after
{Heap after GC invocations=55 (full 0):
 garbage-first heap   total 392192K, used 107013K [0x0000000080000000, 0x0000000100000000)
  region size 1024K, 2 young (2048K), 2 survivors (2048K)
 Metaspace       used 112765K, capacity 115994K, committed 116300K, reserved 1148928K
  class space    used 14567K, capacity 15829K, committed 15948K, reserved 1048576K
}
Event: 1107.848 GC heap before
{Heap before GC invocations=55 (full 0):
 garbage-first heap   total 392192K, used 123397K [0x0000000080000000, 0x0000000100000000)
  region size 1024K, 19 young (19456K), 2 survivors (2048K)
 Metaspace       used 113920K, capacity 117178K, committed 117452K, reserved 1150976K
  class space    used 14735K, capacity 15989K, committed 16076K, reserved 1048576K
}

